This file contains any messages produced by compilers while
running configure, to aid debugging if configure makes a mistake.

It was created by atk configure 2.18.0, which was
generated by GNU Autoconf 2.69.  Invocation command line was

  $ ./configure 

## --------- ##
## Platform. ##
## --------- ##

hostname = KDZL
uname -m = x86_64
uname -r = 3.19.0-43-generic
uname -s = Linux
uname -v = #49~14.04.1-Ubuntu SMP Thu Dec 31 15:44:49 UTC 2015

/usr/bin/uname -p = unknown
/bin/uname -X     = unknown

/bin/arch              = unknown
/usr/bin/arch -k       = unknown
/usr/convex/getsysinfo = unknown
/usr/bin/hostinfo      = unknown
/bin/machine           = unknown
/usr/bin/oslevel       = unknown
/bin/universe          = unknown

PATH: /home/kazek/anaconda3/envs/p2.7/bin
PATH: /usr/local/sbin
PATH: /usr/local/bin
PATH: /usr/sbin
PATH: /usr/bin
PATH: /sbin
PATH: /bin
PATH: /usr/games
PATH: /usr/local/games


## ----------- ##
## Core tests. ##
## ----------- ##

configure:2371: checking for a BSD-compatible install
configure:2439: result: /usr/bin/install -c
configure:2450: checking whether build environment is sane
configure:2505: result: yes
configure:2656: checking for a thread-safe mkdir -p
configure:2695: result: /bin/mkdir -p
configure:2702: checking for gawk
configure:2718: found /usr/bin/gawk
configure:2729: result: gawk
configure:2740: checking whether make sets $(MAKE)
configure:2762: result: yes
configure:2791: checking whether make supports nested variables
configure:2808: result: yes
configure:2949: checking whether make supports nested variables
configure:2966: result: yes
configure:3050: checking for gcc
configure:3066: found /usr/bin/gcc
configure:3077: result: gcc
configure:3306: checking for C compiler version
configure:3315: gcc --version >&5
gcc (Ubuntu 4.8.4-2ubuntu1~14.04) 4.8.4
Copyright (C) 2013 Free Software Foundation, Inc.
This is free software; see the source for copying conditions.  There is NO
warranty; not even for MERCHANTABILITY or FITNESS FOR A PARTICULAR PURPOSE.

configure:3326: $? = 0
configure:3315: gcc -v >&5
Using built-in specs.
COLLECT_GCC=gcc
COLLECT_LTO_WRAPPER=/usr/lib/gcc/x86_64-linux-gnu/4.8/lto-wrapper
Target: x86_64-linux-gnu
Configured with: ../src/configure -v --with-pkgversion='Ubuntu 4.8.4-2ubuntu1~14.04' --with-bugurl=file:///usr/share/doc/gcc-4.8/README.Bugs --enable-languages=c,c++,java,go,d,fortran,objc,obj-c++ --prefix=/usr --program-suffix=-4.8 --enable-shared --enable-linker-build-id --libexecdir=/usr/lib --without-included-gettext --enable-threads=posix --with-gxx-include-dir=/usr/include/c++/4.8 --libdir=/usr/lib --enable-nls --with-sysroot=/ --enable-clocale=gnu --enable-libstdcxx-debug --enable-libstdcxx-time=yes --enable-gnu-unique-object --disable-libmudflap --enable-plugin --with-system-zlib --disable-browser-plugin --enable-java-awt=gtk --enable-gtk-cairo --with-java-home=/usr/lib/jvm/java-1.5.0-gcj-4.8-amd64/jre --enable-java-home --with-jvm-root-dir=/usr/lib/jvm/java-1.5.0-gcj-4.8-amd64 --with-jvm-jar-dir=/usr/lib/jvm-exports/java-1.5.0-gcj-4.8-amd64 --with-arch-directory=amd64 --with-ecj-jar=/usr/share/java/eclipse-ecj.jar --enable-objc-gc --enable-multiarch --disable-werror --with-arch-32=i686 --with-abi=m64 --with-multilib-list=m32,m64,mx32 --with-tune=generic --enable-checking=release --build=x86_64-linux-gnu --host=x86_64-linux-gnu --target=x86_64-linux-gnu
Thread model: posix
gcc version 4.8.4 (Ubuntu 4.8.4-2ubuntu1~14.04) 
configure:3326: $? = 0
configure:3315: gcc -V >&5
gcc: error: unrecognized command line option '-V'
gcc: fatal error: no input files
compilation terminated.
configure:3326: $? = 4
configure:3315: gcc -qversion >&5
gcc: error: unrecognized command line option '-qversion'
gcc: fatal error: no input files
compilation terminated.
configure:3326: $? = 4
configure:3346: checking whether the C compiler works
configure:3368: gcc    conftest.c  >&5
configure:3372: $? = 0
configure:3420: result: yes
configure:3423: checking for C compiler default output file name
configure:3425: result: a.out
configure:3431: checking for suffix of executables
configure:3438: gcc -o conftest    conftest.c  >&5
configure:3442: $? = 0
configure:3464: result: 
configure:3486: checking whether we are cross compiling
configure:3494: gcc -o conftest    conftest.c  >&5
configure:3498: $? = 0
configure:3505: ./conftest
configure:3509: $? = 0
configure:3524: result: no
configure:3529: checking for suffix of object files
configure:3551: gcc -c   conftest.c >&5
configure:3555: $? = 0
configure:3576: result: o
configure:3580: checking whether we are using the GNU C compiler
configure:3599: gcc -c   conftest.c >&5
configure:3599: $? = 0
configure:3608: result: yes
configure:3617: checking whether gcc accepts -g
configure:3637: gcc -c -g  conftest.c >&5
configure:3637: $? = 0
configure:3678: result: yes
configure:3695: checking for gcc option to accept ISO C89
configure:3758: gcc  -c -g -O2  conftest.c >&5
configure:3758: $? = 0
configure:3771: result: none needed
configure:3796: checking whether gcc understands -c and -o together
configure:3818: gcc -c conftest.c -o conftest2.o
configure:3821: $? = 0
configure:3818: gcc -c conftest.c -o conftest2.o
configure:3821: $? = 0
configure:3833: result: yes
configure:3861: checking for style of include used by make
configure:3889: result: GNU
configure:3915: checking dependency style of gcc
configure:4026: result: gcc3
configure:4073: checking build system type
configure:4087: result: x86_64-unknown-linux-gnu
configure:4107: checking host system type
configure:4120: result: x86_64-unknown-linux-gnu
configure:4161: checking how to print strings
configure:4188: result: printf
configure:4209: checking for a sed that does not truncate output
configure:4273: result: /bin/sed
configure:4291: checking for grep that handles long lines and -e
configure:4349: result: /bin/grep
configure:4354: checking for egrep
configure:4416: result: /bin/grep -E
configure:4421: checking for fgrep
configure:4483: result: /bin/grep -F
configure:4518: checking for ld used by gcc
configure:4585: result: /usr/bin/ld
configure:4592: checking if the linker (/usr/bin/ld) is GNU ld
configure:4607: result: yes
configure:4619: checking for BSD- or MS-compatible name lister (nm)
configure:4668: result: /usr/bin/nm -B
configure:4798: checking the name lister (/usr/bin/nm -B) interface
configure:4805: gcc -c -g -O2  conftest.c >&5
configure:4808: /usr/bin/nm -B "conftest.o"
configure:4811: output
0000000000000000 B some_variable
configure:4818: result: BSD nm
configure:4821: checking whether ln -s works
configure:4825: result: yes
configure:4833: checking the maximum length of command line arguments
configure:4964: result: 1572864
configure:4981: checking whether the shell understands some XSI constructs
configure:4991: result: yes
configure:4995: checking whether the shell understands "+="
configure:5001: result: yes
configure:5036: checking how to convert x86_64-unknown-linux-gnu file names to x86_64-unknown-linux-gnu format
configure:5076: result: func_convert_file_noop
configure:5083: checking how to convert x86_64-unknown-linux-gnu file names to toolchain format
configure:5103: result: func_convert_file_noop
configure:5110: checking for /usr/bin/ld option to reload object files
configure:5117: result: -r
configure:5191: checking for objdump
configure:5207: found /usr/bin/objdump
configure:5218: result: objdump
configure:5247: checking how to recognize dependent libraries
configure:5445: result: pass_all
configure:5530: checking for dlltool
configure:5560: result: no
configure:5587: checking how to associate runtime and link libraries
configure:5614: result: printf %s\n
configure:5675: checking for ar
configure:5691: found /usr/bin/ar
configure:5702: result: ar
configure:5739: checking for archiver @FILE support
configure:5756: gcc -c -g -O2  conftest.c >&5
configure:5756: $? = 0
configure:5759: ar cru libconftest.a @conftest.lst >&5
configure:5762: $? = 0
configure:5767: ar cru libconftest.a @conftest.lst >&5
ar: conftest.o: No such file or directory
configure:5770: $? = 1
configure:5782: result: @
configure:5840: checking for strip
configure:5856: found /usr/bin/strip
configure:5867: result: strip
configure:5939: checking for ranlib
configure:5955: found /usr/bin/ranlib
configure:5966: result: ranlib
configure:6068: checking command to parse /usr/bin/nm -B output from gcc object
configure:6188: gcc -c -g -O2  conftest.c >&5
configure:6191: $? = 0
configure:6195: /usr/bin/nm -B conftest.o \| sed -n -e 's/^.*[ ]\([ABCDGIRSTW][ABCDGIRSTW]*\)[ ][ ]*\([_A-Za-z][_A-Za-z0-9]*\)$/\1 \2 \2/p' | sed '/ __gnu_lto/d' \> conftest.nm
configure:6198: $? = 0
configure:6264: gcc -o conftest -g -O2   conftest.c conftstm.o >&5
configure:6267: $? = 0
configure:6305: result: ok
configure:6342: checking for sysroot
configure:6372: result: no
configure:6449: gcc -c -g -O2  conftest.c >&5
configure:6452: $? = 0
configure:6641: checking for mt
configure:6657: found /bin/mt
configure:6668: result: mt
configure:6691: checking if mt is a manifest tool
configure:6697: mt '-?'
configure:6705: result: no
configure:7347: checking how to run the C preprocessor
configure:7378: gcc -E  conftest.c
configure:7378: $? = 0
configure:7392: gcc -E  conftest.c
conftest.c:11:28: fatal error: ac_nonexistent.h: No such file or directory
 #include <ac_nonexistent.h>
                            ^
compilation terminated.
configure:7392: $? = 1
configure: failed program was:
| /* confdefs.h */
| #define PACKAGE_NAME "atk"
| #define PACKAGE_TARNAME "atk"
| #define PACKAGE_VERSION "2.18.0"
| #define PACKAGE_STRING "atk 2.18.0"
| #define PACKAGE_BUGREPORT "http://bugzilla.gnome.org/enter_bug.cgi?product=atk"
| #define PACKAGE_URL ""
| #define PACKAGE "atk"
| #define VERSION "2.18.0"
| /* end confdefs.h.  */
| #include <ac_nonexistent.h>
configure:7417: result: gcc -E
configure:7437: gcc -E  conftest.c
configure:7437: $? = 0
configure:7451: gcc -E  conftest.c
conftest.c:11:28: fatal error: ac_nonexistent.h: No such file or directory
 #include <ac_nonexistent.h>
                            ^
compilation terminated.
configure:7451: $? = 1
configure: failed program was:
| /* confdefs.h */
| #define PACKAGE_NAME "atk"
| #define PACKAGE_TARNAME "atk"
| #define PACKAGE_VERSION "2.18.0"
| #define PACKAGE_STRING "atk 2.18.0"
| #define PACKAGE_BUGREPORT "http://bugzilla.gnome.org/enter_bug.cgi?product=atk"
| #define PACKAGE_URL ""
| #define PACKAGE "atk"
| #define VERSION "2.18.0"
| /* end confdefs.h.  */
| #include <ac_nonexistent.h>
configure:7480: checking for ANSI C header files
configure:7500: gcc -c -g -O2  conftest.c >&5
configure:7500: $? = 0
configure:7573: gcc -o conftest -g -O2   conftest.c  >&5
configure:7573: $? = 0
configure:7573: ./conftest
configure:7573: $? = 0
configure:7584: result: yes
configure:7597: checking for sys/types.h
configure:7597: gcc -c -g -O2  conftest.c >&5
configure:7597: $? = 0
configure:7597: result: yes
configure:7597: checking for sys/stat.h
configure:7597: gcc -c -g -O2  conftest.c >&5
configure:7597: $? = 0
configure:7597: result: yes
configure:7597: checking for stdlib.h
configure:7597: gcc -c -g -O2  conftest.c >&5
configure:7597: $? = 0
configure:7597: result: yes
configure:7597: checking for string.h
configure:7597: gcc -c -g -O2  conftest.c >&5
configure:7597: $? = 0
configure:7597: result: yes
configure:7597: checking for memory.h
configure:7597: gcc -c -g -O2  conftest.c >&5
configure:7597: $? = 0
configure:7597: result: yes
configure:7597: checking for strings.h
configure:7597: gcc -c -g -O2  conftest.c >&5
configure:7597: $? = 0
configure:7597: result: yes
configure:7597: checking for inttypes.h
configure:7597: gcc -c -g -O2  conftest.c >&5
configure:7597: $? = 0
configure:7597: result: yes
configure:7597: checking for stdint.h
configure:7597: gcc -c -g -O2  conftest.c >&5
configure:7597: $? = 0
configure:7597: result: yes
configure:7597: checking for unistd.h
configure:7597: gcc -c -g -O2  conftest.c >&5
configure:7597: $? = 0
configure:7597: result: yes
configure:7611: checking for dlfcn.h
configure:7611: gcc -c -g -O2  conftest.c >&5
configure:7611: $? = 0
configure:7611: result: yes
configure:8114: checking for objdir
configure:8129: result: .libs
configure:8400: checking if gcc supports -fno-rtti -fno-exceptions
configure:8418: gcc -c -g -O2  -fno-rtti -fno-exceptions conftest.c >&5
cc1: warning: command line option '-fno-rtti' is valid for C++/ObjC++ but not for C [enabled by default]
configure:8422: $? = 0
configure:8435: result: no
configure:8762: checking for gcc option to produce PIC
configure:8769: result: -fPIC -DPIC
configure:8777: checking if gcc PIC flag -fPIC -DPIC works
configure:8795: gcc -c -g -O2  -fPIC -DPIC -DPIC conftest.c >&5
configure:8799: $? = 0
configure:8812: result: yes
configure:8841: checking if gcc static flag -static works
configure:8869: result: yes
configure:8884: checking if gcc supports -c -o file.o
configure:8905: gcc -c -g -O2  -o out/conftest2.o conftest.c >&5
configure:8909: $? = 0
configure:8931: result: yes
configure:8939: checking if gcc supports -c -o file.o
configure:8986: result: yes
configure:9019: checking whether the gcc linker (/usr/bin/ld -m elf_x86_64) supports shared libraries
configure:10176: result: yes
configure:10213: checking whether -lc should be explicitly linked in
configure:10221: gcc -c -g -O2  conftest.c >&5
configure:10224: $? = 0
configure:10239: gcc -shared  -fPIC -DPIC conftest.o  -v -Wl,-soname -Wl,conftest -o conftest 2\>\&1 \| /bin/grep  -lc  \>/dev/null 2\>\&1
configure:10242: $? = 0
configure:10256: result: no
configure:10416: checking dynamic linker characteristics
configure:10916: gcc -o conftest -g -O2   -Wl,-rpath -Wl,/foo conftest.c  >&5
configure:10916: $? = 0
configure:11150: result: GNU/Linux ld.so
configure:11257: checking how to hardcode library paths into programs
configure:11282: result: immediate
configure:11822: checking whether stripping libraries is possible
configure:11827: result: yes
configure:11862: checking if libtool supports shared libraries
configure:11864: result: yes
configure:11867: checking whether to build shared libraries
configure:11888: result: yes
configure:11891: checking whether to build static libraries
configure:11895: result: no
configure:11935: checking for bind_textdomain_codeset
configure:11935: gcc -o conftest -g -O2   conftest.c  >&5
configure:11935: $? = 0
configure:11935: result: yes
configure:11945: checking for some Win32 platform
configure:11955: result: no
configure:11966: checking for native Win32 platform
configure:11984: result: no
configure:12142: checking for aclocal flags
configure:12151: result: 
configure:12261: checking for pkg-config
configure:12279: found /usr/bin/pkg-config
configure:12291: result: /usr/bin/pkg-config
configure:12316: checking pkg-config is at least version 0.16
configure:12319: result: yes
configure:12336: checking for GLIB - version >= 2.31.2
configure:12448: gcc -o conftest -g -O2 -Wall -I/usr/local/include/glib-2.0 -I/usr/local/lib/glib-2.0/include    -DG_DISABLE_SINGLE_INCLUDES -DATK_DISABLE_SINGLE_INCLUDES  conftest.c -L/usr/local/lib -lgobject-2.0 -lglib-2.0    >&5
configure:12448: $? = 0
configure:12448: ./conftest
configure:12448: $? = 0
configure:12462: result: yes (version 2.46.0)
configure:12537: checking for DEP
configure:12544: $PKG_CONFIG --exists --print-errors "glib-2.0 >= $GLIB_REQUIRED_VERSION $GLIB_PACKAGES"
configure:12547: $? = 0
configure:12561: $PKG_CONFIG --exists --print-errors "glib-2.0 >= $GLIB_REQUIRED_VERSION $GLIB_PACKAGES"
configure:12564: $? = 0
configure:12608: result: yes
configure:12629: checking locale.h usability
configure:12629: gcc -c -g -O2 -Wall  -DG_DISABLE_SINGLE_INCLUDES -DATK_DISABLE_SINGLE_INCLUDES conftest.c >&5
configure:12629: $? = 0
configure:12629: result: yes
configure:12629: checking locale.h presence
configure:12629: gcc -E  -DG_DISABLE_SINGLE_INCLUDES -DATK_DISABLE_SINGLE_INCLUDES conftest.c
configure:12629: $? = 0
configure:12629: result: yes
configure:12629: checking for locale.h
configure:12629: result: yes
configure:12640: checking for LC_MESSAGES
configure:12656: gcc -o conftest -g -O2 -Wall  -DG_DISABLE_SINGLE_INCLUDES -DATK_DISABLE_SINGLE_INCLUDES  conftest.c  >&5
configure:12656: $? = 0
configure:12664: result: yes
configure:12681: checking libintl.h usability
configure:12681: gcc -c -g -O2 -Wall  -DG_DISABLE_SINGLE_INCLUDES -DATK_DISABLE_SINGLE_INCLUDES conftest.c >&5
configure:12681: $? = 0
configure:12681: result: yes
configure:12681: checking libintl.h presence
configure:12681: gcc -E  -DG_DISABLE_SINGLE_INCLUDES -DATK_DISABLE_SINGLE_INCLUDES conftest.c
configure:12681: $? = 0
configure:12681: result: yes
configure:12681: checking for libintl.h
configure:12681: result: yes
configure:12689: checking for ngettext in libc
configure:12707: gcc -o conftest -g -O2 -Wall  -DG_DISABLE_SINGLE_INCLUDES -DATK_DISABLE_SINGLE_INCLUDES  conftest.c  >&5
configure:12707: $? = 0
configure:12716: result: yes
configure:12720: checking for dgettext in libc
configure:12738: gcc -o conftest -g -O2 -Wall  -DG_DISABLE_SINGLE_INCLUDES -DATK_DISABLE_SINGLE_INCLUDES  conftest.c  >&5
configure:12738: $? = 0
configure:12747: result: yes
configure:12754: checking for bind_textdomain_codeset
configure:12754: result: yes
configure:13030: checking for msgfmt
configure:13057: result: /usr/bin/msgfmt
configure:13068: checking for dcgettext
configure:13068: gcc -o conftest -g -O2 -Wall  -DG_DISABLE_SINGLE_INCLUDES -DATK_DISABLE_SINGLE_INCLUDES  conftest.c   >&5
conftest.c:52:6: warning: conflicting types for built-in function 'dcgettext' [enabled by default]
 char dcgettext ();
      ^
configure:13068: $? = 0
configure:13068: result: yes
configure:13078: checking if msgfmt accepts -c
configure:13093: $MSGFMT -c -o /dev/null conftest.foo
conftest.foo:3: warning: header field 'Language' missing in header
configure:13096: $? = 0
configure:13098: result: yes
configure:13108: checking for gmsgfmt
configure:13139: result: /usr/bin/msgfmt
configure:13149: checking for xgettext
configure:13176: result: /usr/bin/xgettext
configure:13195: gcc -o conftest -g -O2 -Wall  -DG_DISABLE_SINGLE_INCLUDES -DATK_DISABLE_SINGLE_INCLUDES  conftest.c   >&5
configure:13195: $? = 0
configure:13277: checking for catalogs to be installed
configure:13302: result:  af am an ar as ast az be be@latin bg bn bn_IN bs ca ca@valencia cs cy da de dz el en_CA en_GB en@shaw eo es et eu fa fi fr ga gl gu he hi hr hu hy id is it ja ka kk km kn ko ku li lt lv mai mk ml mn mr ms nb ne nl nn oc or pa pl ps pt pt_BR ro ru rw si sk sl sq sr sr@latin sr@ije sv ta te tg th tk tr tt ug uk vi wa xh yi zh_CN zh_HK zh_TW zu
configure:13347: checking for gobject-introspection
configure:13378: $PKG_CONFIG --exists --print-errors "gobject-introspection-1.0 >= 0.6.7"
configure:13381: $? = 0
configure:13392: result: yes
configure:13435: checking for gtk-doc
configure:13438: $PKG_CONFIG --exists --print-errors "$gtk_doc_requires"
Package gtk-doc was not found in the pkg-config search path.
Perhaps you should add the directory containing `gtk-doc.pc'
to the PKG_CONFIG_PATH environment variable
No package 'gtk-doc' found
configure:13441: $? = 1
configure:13447: result: no
configure:13453: WARNING:
  You will not be able to create source packages with 'make dist'
  because gtk-doc >= 1.13 is not found.
configure:13461: checking for gtkdoc-check
configure:13491: result: no
configure:13498: checking for gtkdoc-check
configure:13531: result: no
configure:13540: checking for gtkdoc-rebase
configure:13573: result: no
configure:13584: checking for gtkdoc-mkpdf
configure:13617: result: no
configure:13642: checking whether to build gtk-doc documentation
configure:13644: result: no
configure:13657: checking for GTKDOC_DEPS
configure:13664: $PKG_CONFIG --exists --print-errors "glib-2.0 >= 2.10.0 gobject-2.0  >= 2.10.0"
configure:13667: $? = 0
configure:13681: $PKG_CONFIG --exists --print-errors "glib-2.0 >= 2.10.0 gobject-2.0  >= 2.10.0"
configure:13684: $? = 0
configure:13722: result: yes
configure:13809: checking for gawk
configure:13836: result: gawk
configure:13851: checking for perl5
configure:13881: result: no
configure:13851: checking for perl
configure:13867: found /usr/bin/perl
configure:13878: result: perl
configure:13911: checking for -fvisibility=hidden compiler flag
configure:13924: gcc -c -fvisibility=hidden  -DG_DISABLE_SINGLE_INCLUDES -DATK_DISABLE_SINGLE_INCLUDES conftest.c >&5
configure:13924: $? = 0
configure:13925: result: yes
configure:14060: checking that generated files are newer than configure
configure:14066: result: done
configure:14129: creating ./config.status

## ---------------------- ##
## Running config.status. ##
## ---------------------- ##

This file was extended by atk config.status 2.18.0, which was
generated by GNU Autoconf 2.69.  Invocation command line was

  CONFIG_FILES    = 
  CONFIG_HEADERS  = 
  CONFIG_LINKS    = 
  CONFIG_COMMANDS = 
  $ ./config.status 

on KDZL

config.status:1204: creating Makefile
config.status:1204: creating po/Makefile.in
config.status:1204: creating atk.pc
config.status:1204: creating atk-uninstalled.pc
config.status:1204: creating atk/Makefile
config.status:1204: creating atk/atk.rc
config.status:1204: creating atk/atkversion.h
config.status:1204: creating tests/Makefile
config.status:1204: creating build/Makefile
config.status:1204: creating build/win32/Makefile
config.status:1204: creating build/win32/vs9/Makefile
config.status:1204: creating build/win32/vs10/Makefile
config.status:1204: creating build/win32/vs11/Makefile
config.status:1204: creating build/win32/vs12/Makefile
config.status:1204: creating build/win32/vs14/Makefile
config.status:1204: creating docs/Makefile
config.status:1204: creating docs/version.xml
config.status:1204: creating atk.spec
config.status:1204: creating atk-zip.sh
config.status:1204: creating config.h.win32
config.status:1204: creating config.h
config.status:1433: executing depfiles commands
config.status:1433: executing libtool commands
config.status:1433: executing default-1 commands

## ---------------- ##
## Cache variables. ##
## ---------------- ##

ac_cv_atk_aclocal_flags=
ac_cv_build=x86_64-unknown-linux-gnu
ac_cv_c_compiler_gnu=yes
ac_cv_env_CC_set=
ac_cv_env_CC_value=
ac_cv_env_CFLAGS_set=
ac_cv_env_CFLAGS_value=
ac_cv_env_CPPFLAGS_set=
ac_cv_env_CPPFLAGS_value=
ac_cv_env_CPP_set=
ac_cv_env_CPP_value=
ac_cv_env_DEP_CFLAGS_set=
ac_cv_env_DEP_CFLAGS_value=
ac_cv_env_DEP_LIBS_set=
ac_cv_env_DEP_LIBS_value=
ac_cv_env_GTKDOC_DEPS_CFLAGS_set=
ac_cv_env_GTKDOC_DEPS_CFLAGS_value=
ac_cv_env_GTKDOC_DEPS_LIBS_set=
ac_cv_env_GTKDOC_DEPS_LIBS_value=
ac_cv_env_LDFLAGS_set=
ac_cv_env_LDFLAGS_value=
ac_cv_env_LIBS_set=
ac_cv_env_LIBS_value=
ac_cv_env_PKG_CONFIG_LIBDIR_set=
ac_cv_env_PKG_CONFIG_LIBDIR_value=
ac_cv_env_PKG_CONFIG_PATH_set=
ac_cv_env_PKG_CONFIG_PATH_value=
ac_cv_env_PKG_CONFIG_set=
ac_cv_env_PKG_CONFIG_value=
ac_cv_env_build_alias_set=
ac_cv_env_build_alias_value=
ac_cv_env_host_alias_set=
ac_cv_env_host_alias_value=
ac_cv_env_target_alias_set=
ac_cv_env_target_alias_value=
ac_cv_func_bind_textdomain_codeset=yes
ac_cv_func_dcgettext=yes
ac_cv_header_dlfcn_h=yes
ac_cv_header_inttypes_h=yes
ac_cv_header_libintl_h=yes
ac_cv_header_locale_h=yes
ac_cv_header_memory_h=yes
ac_cv_header_stdc=yes
ac_cv_header_stdint_h=yes
ac_cv_header_stdlib_h=yes
ac_cv_header_string_h=yes
ac_cv_header_strings_h=yes
ac_cv_header_sys_stat_h=yes
ac_cv_header_sys_types_h=yes
ac_cv_header_unistd_h=yes
ac_cv_host=x86_64-unknown-linux-gnu
ac_cv_objext=o
ac_cv_path_EGREP='/bin/grep -E'
ac_cv_path_FGREP='/bin/grep -F'
ac_cv_path_GMSGFMT=/usr/bin/msgfmt
ac_cv_path_GREP=/bin/grep
ac_cv_path_MSGFMT=/usr/bin/msgfmt
ac_cv_path_SED=/bin/sed
ac_cv_path_XGETTEXT=/usr/bin/xgettext
ac_cv_path_ac_pt_PKG_CONFIG=/usr/bin/pkg-config
ac_cv_path_install='/usr/bin/install -c'
ac_cv_path_mkdir=/bin/mkdir
ac_cv_prog_AWK=gawk
ac_cv_prog_CPP='gcc -E'
ac_cv_prog_PERL=perl
ac_cv_prog_ac_ct_AR=ar
ac_cv_prog_ac_ct_CC=gcc
ac_cv_prog_ac_ct_MANIFEST_TOOL=mt
ac_cv_prog_ac_ct_OBJDUMP=objdump
ac_cv_prog_ac_ct_RANLIB=ranlib
ac_cv_prog_ac_ct_STRIP=strip
ac_cv_prog_cc_c89=
ac_cv_prog_cc_g=yes
ac_cv_prog_make_make_set=yes
am_cv_CC_dependencies_compiler_type=gcc3
am_cv_make_support_nested_variables=yes
am_cv_prog_cc_c_o=yes
am_cv_val_LC_MESSAGES=yes
gt_cv_func_dgettext_libc=yes
gt_cv_func_dgettext_libintl=no
gt_cv_func_ngettext_libc=yes
gt_cv_have_gettext=yes
lt_cv_ar_at_file=@
lt_cv_archive_cmds_need_lc=no
lt_cv_deplibs_check_method=pass_all
lt_cv_file_magic_cmd='$MAGIC_CMD'
lt_cv_file_magic_test_file=
lt_cv_ld_reload_flag=-r
lt_cv_nm_interface='BSD nm'
lt_cv_objdir=.libs
lt_cv_path_LD=/usr/bin/ld
lt_cv_path_NM='/usr/bin/nm -B'
lt_cv_path_mainfest_tool=no
lt_cv_prog_compiler_c_o=yes
lt_cv_prog_compiler_pic='-fPIC -DPIC'
lt_cv_prog_compiler_pic_works=yes
lt_cv_prog_compiler_rtti_exceptions=no
lt_cv_prog_compiler_static_works=yes
lt_cv_prog_gnu_ld=yes
lt_cv_sharedlib_from_linklib_cmd='printf %s\n'
lt_cv_shlibpath_overrides_runpath=no
lt_cv_sys_global_symbol_pipe='sed -n -e '\''s/^.*[	 ]\([ABCDGIRSTW][ABCDGIRSTW]*\)[	 ][	 ]*\([_A-Za-z][_A-Za-z0-9]*\)$/\1 \2 \2/p'\'' | sed '\''/ __gnu_lto/d'\'''
lt_cv_sys_global_symbol_to_c_name_address='sed -n -e '\''s/^: \([^ ]*\)[ ]*$/  {\"\1\", (void *) 0},/p'\'' -e '\''s/^[ABCDGIRSTW]* \([^ ]*\) \([^ ]*\)$/  {"\2", (void *) \&\2},/p'\'''
lt_cv_sys_global_symbol_to_c_name_address_lib_prefix='sed -n -e '\''s/^: \([^ ]*\)[ ]*$/  {\"\1\", (void *) 0},/p'\'' -e '\''s/^[ABCDGIRSTW]* \([^ ]*\) \(lib[^ ]*\)$/  {"\2", (void *) \&\2},/p'\'' -e '\''s/^[ABCDGIRSTW]* \([^ ]*\) \([^ ]*\)$/  {"lib\2", (void *) \&\2},/p'\'''
lt_cv_sys_global_symbol_to_cdecl='sed -n -e '\''s/^T .* \(.*\)$/extern int \1();/p'\'' -e '\''s/^[ABCDGIRSTW]* .* \(.*\)$/extern char \1;/p'\'''
lt_cv_sys_max_cmd_len=1572864
lt_cv_to_host_file_cmd=func_convert_file_noop
lt_cv_to_tool_file_cmd=func_convert_file_noop
pkg_cv_DEP_CFLAGS='-I/usr/local/include/glib-2.0 -I/usr/local/lib/glib-2.0/include  '
pkg_cv_DEP_LIBS='-L/usr/local/lib -lgobject-2.0 -lglib-2.0  '
pkg_cv_GTKDOC_DEPS_CFLAGS='-I/usr/local/include/glib-2.0 -I/usr/local/lib/glib-2.0/include  '
pkg_cv_GTKDOC_DEPS_LIBS='-L/usr/local/lib -lgobject-2.0 -lglib-2.0  '

## ----------------- ##
## Output variables. ##
## ----------------- ##

ACLOCAL='${SHELL} /home/kazek/Documents/ProgFun/gui/atk-2.18.0/missing aclocal-1.14 '
AMDEPBACKSLASH='\'
AMDEP_FALSE='#'
AMDEP_TRUE=''
AMTAR='$${TAR-tar}'
AM_BACKSLASH='\'
AM_DEFAULT_V='$(AM_DEFAULT_VERBOSITY)'
AM_DEFAULT_VERBOSITY='0'
AM_V='$(V)'
AR='ar'
AS='as'
ATK_API_VERSION='1.0'
ATK_BINARY_AGE='21810'
ATK_HIDDEN_VISIBILITY_CFLAGS='-fvisibility=hidden'
ATK_INTERFACE_AGE='1'
ATK_MAJOR_VERSION='2'
ATK_MICRO_VERSION='0'
ATK_MINOR_VERSION='18'
ATK_VERSION='2.18.0'
AUTOCONF='${SHELL} /home/kazek/Documents/ProgFun/gui/atk-2.18.0/missing autoconf'
AUTOHEADER='${SHELL} /home/kazek/Documents/ProgFun/gui/atk-2.18.0/missing autoheader'
AUTOMAKE='${SHELL} /home/kazek/Documents/ProgFun/gui/atk-2.18.0/missing automake-1.14'
AWK='gawk'
CATALOGS=' af.gmo am.gmo an.gmo ar.gmo as.gmo ast.gmo az.gmo be.gmo be@latin.gmo bg.gmo bn.gmo bn_IN.gmo bs.gmo ca.gmo ca@valencia.gmo cs.gmo cy.gmo da.gmo de.gmo dz.gmo el.gmo en_CA.gmo en_GB.gmo en@shaw.gmo eo.gmo es.gmo et.gmo eu.gmo fa.gmo fi.gmo fr.gmo ga.gmo gl.gmo gu.gmo he.gmo hi.gmo hr.gmo hu.gmo hy.gmo id.gmo is.gmo it.gmo ja.gmo ka.gmo kk.gmo km.gmo kn.gmo ko.gmo ku.gmo li.gmo lt.gmo lv.gmo mai.gmo mk.gmo ml.gmo mn.gmo mr.gmo ms.gmo nb.gmo ne.gmo nl.gmo nn.gmo oc.gmo or.gmo pa.gmo pl.gmo ps.gmo pt.gmo pt_BR.gmo ro.gmo ru.gmo rw.gmo si.gmo sk.gmo sl.gmo sq.gmo sr.gmo sr@latin.gmo sr@ije.gmo sv.gmo ta.gmo te.gmo tg.gmo th.gmo tk.gmo tr.gmo tt.gmo ug.gmo uk.gmo vi.gmo wa.gmo xh.gmo yi.gmo zh_CN.gmo zh_HK.gmo zh_TW.gmo zu.gmo'
CATOBJEXT='.gmo'
CC='gcc'
CCDEPMODE='depmode=gcc3'
CFLAGS='-g -O2 -Wall'
CPP='gcc -E'
CPPFLAGS=' -DG_DISABLE_SINGLE_INCLUDES -DATK_DISABLE_SINGLE_INCLUDES'
CYGPATH_W='echo'
DATADIRNAME='share'
DEFS='-DHAVE_CONFIG_H'
DEPDIR='.deps'
DEP_CFLAGS='-pthread -I/usr/local/include/glib-2.0 -I/usr/local/lib/glib-2.0/include  '
DEP_LIBS='-L/usr/local/lib -lgobject-2.0 -lglib-2.0  '
DLLTOOL='false'
DSYMUTIL=''
DUMPBIN=''
ECHO_C=''
ECHO_N='-n'
ECHO_T=''
EGREP='/bin/grep -E'
ENABLE_GTK_DOC_FALSE=''
ENABLE_GTK_DOC_TRUE='#'
EXEEXT=''
FGREP='/bin/grep -F'
GETTEXT_PACKAGE='atk10'
GLIB_CFLAGS='-I/usr/local/include/glib-2.0 -I/usr/local/lib/glib-2.0/include  '
GLIB_COMPILE_RESOURCES='glib-compile-resources'
GLIB_GENMARSHAL='glib-genmarshal'
GLIB_LIBS='-L/usr/local/lib -lgobject-2.0 -lglib-2.0  '
GLIB_MKENUMS='glib-mkenums'
GLIB_PACKAGES='gobject-2.0'
GLIB_REQUIRED_VERSION='2.31.2'
GMOFILES=' af.gmo am.gmo an.gmo ar.gmo as.gmo ast.gmo az.gmo be.gmo be@latin.gmo bg.gmo bn.gmo bn_IN.gmo bs.gmo ca.gmo ca@valencia.gmo cs.gmo cy.gmo da.gmo de.gmo dz.gmo el.gmo en_CA.gmo en_GB.gmo en@shaw.gmo eo.gmo es.gmo et.gmo eu.gmo fa.gmo fi.gmo fr.gmo ga.gmo gl.gmo gu.gmo he.gmo hi.gmo hr.gmo hu.gmo hy.gmo id.gmo is.gmo it.gmo ja.gmo ka.gmo kk.gmo km.gmo kn.gmo ko.gmo ku.gmo li.gmo lt.gmo lv.gmo mai.gmo mk.gmo ml.gmo mn.gmo mr.gmo ms.gmo nb.gmo ne.gmo nl.gmo nn.gmo oc.gmo or.gmo pa.gmo pl.gmo ps.gmo pt.gmo pt_BR.gmo ro.gmo ru.gmo rw.gmo si.gmo sk.gmo sl.gmo sq.gmo sr.gmo sr@latin.gmo sr@ije.gmo sv.gmo ta.gmo te.gmo tg.gmo th.gmo tk.gmo tr.gmo tt.gmo ug.gmo uk.gmo vi.gmo wa.gmo xh.gmo yi.gmo zh_CN.gmo zh_HK.gmo zh_TW.gmo zu.gmo'
GMSGFMT='/usr/bin/msgfmt'
GOBJECT_QUERY='gobject-query'
GREP='/bin/grep'
GTKDOC_CHECK=''
GTKDOC_CHECK_PATH=''
GTKDOC_DEPS_CFLAGS='-I/usr/local/include/glib-2.0 -I/usr/local/lib/glib-2.0/include  '
GTKDOC_DEPS_LIBS='-L/usr/local/lib -lgobject-2.0 -lglib-2.0  '
GTKDOC_MKPDF=''
GTKDOC_REBASE='true'
GTK_DOC_BUILD_HTML_FALSE='#'
GTK_DOC_BUILD_HTML_TRUE=''
GTK_DOC_BUILD_PDF_FALSE=''
GTK_DOC_BUILD_PDF_TRUE='#'
GTK_DOC_USE_LIBTOOL_FALSE='#'
GTK_DOC_USE_LIBTOOL_TRUE=''
GTK_DOC_USE_REBASE_FALSE='#'
GTK_DOC_USE_REBASE_TRUE=''
HAVE_GTK_DOC_FALSE=''
HAVE_GTK_DOC_TRUE='#'
HAVE_INTROSPECTION_FALSE='#'
HAVE_INTROSPECTION_TRUE=''
HTML_DIR='${datadir}/gtk-doc/html'
INSTALL_DATA='${INSTALL} -m 644'
INSTALL_PROGRAM='${INSTALL}'
INSTALL_SCRIPT='${INSTALL}'
INSTALL_STRIP_PROGRAM='$(install_sh) -c -s'
INSTOBJEXT='.mo'
INTLLIBS=''
INTROSPECTION_CFLAGS='-pthread -I/usr/local/include/gobject-introspection-1.0 -I/usr/local/include/glib-2.0 -I/usr/local/lib/glib-2.0/include  '
INTROSPECTION_COMPILER='/usr/local/bin/g-ir-compiler'
INTROSPECTION_GENERATE='/usr/local/bin/g-ir-generate'
INTROSPECTION_GIRDIR='/usr/local/share/gir-1.0'
INTROSPECTION_LIBS='-L/usr/local/lib -lgirepository-1.0 -lgobject-2.0 -lglib-2.0  '
INTROSPECTION_MAKEFILE='/usr/local/share/gobject-introspection-1.0/Makefile.introspection'
INTROSPECTION_SCANNER='/usr/local/bin/g-ir-scanner'
INTROSPECTION_TYPELIBDIR='/usr/local/lib/girepository-1.0'
LD='/usr/bin/ld -m elf_x86_64'
LDFLAGS=''
LIBOBJS=''
LIBS=''
LIBTOOL='$(SHELL) $(top_builddir)/libtool'
LIB_EXE_MACHINE_FLAG=''
LIPO=''
LN_S='ln -s'
LTLIBOBJS=''
LT_CURRENT_MINUS_AGE='0'
LT_VERSION_INFO='21809:1:21809'
MAKEINFO='${SHELL} /home/kazek/Documents/ProgFun/gui/atk-2.18.0/missing makeinfo'
MANIFEST_TOOL=':'
MKDIR_P='/bin/mkdir -p'
MKINSTALLDIRS='./mkinstalldirs'
MSGFMT='/usr/bin/msgfmt'
MSGFMT_OPTS='-c'
MS_LIB_AVAILABLE_FALSE=''
MS_LIB_AVAILABLE_TRUE='#'
NM='/usr/bin/nm -B'
NMEDIT=''
OBJDUMP='objdump'
OBJEXT='o'
OS_WIN32_FALSE=''
OS_WIN32_TRUE='#'
OTOOL64=''
OTOOL=''
PACKAGE='atk'
PACKAGE_BUGREPORT='http://bugzilla.gnome.org/enter_bug.cgi?product=atk'
PACKAGE_NAME='atk'
PACKAGE_STRING='atk 2.18.0'
PACKAGE_TARNAME='atk'
PACKAGE_URL=''
PACKAGE_VERSION='2.18.0'
PATH_SEPARATOR=':'
PERL='perl'
PKG_CONFIG='/usr/bin/pkg-config'
PKG_CONFIG_LIBDIR=''
PKG_CONFIG_PATH=''
PLATFORM_WIN32_FALSE=''
PLATFORM_WIN32_TRUE='#'
POFILES=' af.po am.po an.po ar.po as.po ast.po az.po be.po be@latin.po bg.po bn.po bn_IN.po bs.po ca.po ca@valencia.po cs.po cy.po da.po de.po dz.po el.po en_CA.po en_GB.po en@shaw.po eo.po es.po et.po eu.po fa.po fi.po fr.po ga.po gl.po gu.po he.po hi.po hr.po hu.po hy.po id.po is.po it.po ja.po ka.po kk.po km.po kn.po ko.po ku.po li.po lt.po lv.po mai.po mk.po ml.po mn.po mr.po ms.po nb.po ne.po nl.po nn.po oc.po or.po pa.po pl.po ps.po pt.po pt_BR.po ro.po ru.po rw.po si.po sk.po sl.po sq.po sr.po sr@latin.po sr@ije.po sv.po ta.po te.po tg.po th.po tk.po tr.po tt.po ug.po uk.po vi.po wa.po xh.po yi.po zh_CN.po zh_HK.po zh_TW.po zu.po'
POSUB='po'
PO_IN_DATADIR_FALSE=''
PO_IN_DATADIR_TRUE=''
RANLIB='ranlib'
REBUILD=''
SED='/bin/sed'
SET_MAKE=''
SHELL='/bin/bash'
STRIP='strip'
USE_NLS='yes'
VERSION='2.18.0'
WINDRES=''
XGETTEXT='/usr/bin/xgettext'
ac_ct_AR='ar'
ac_ct_CC='gcc'
ac_ct_DUMPBIN=''
am__EXEEXT_FALSE=''
am__EXEEXT_TRUE='#'
am__fastdepCC_FALSE='#'
am__fastdepCC_TRUE=''
am__include='include'
am__isrc=''
am__leading_dot='.'
am__nodep='_no'
am__quote=''
am__tar='$${TAR-tar} chof - "$$tardir"'
am__untar='$${TAR-tar} xf -'
bindir='${exec_prefix}/bin'
build='x86_64-unknown-linux-gnu'
build_alias=''
build_cpu='x86_64'
build_os='linux-gnu'
build_vendor='unknown'
datadir='${datarootdir}'
datarootdir='${prefix}/share'
docdir='${datarootdir}/doc/${PACKAGE_TARNAME}'
dvidir='${docdir}'
exec_prefix='${prefix}'
host='x86_64-unknown-linux-gnu'
host_alias=''
host_cpu='x86_64'
host_os='linux-gnu'
host_vendor='unknown'
htmldir='${docdir}'
includedir='${prefix}/include'
infodir='${datarootdir}/info'
install_sh='${SHELL} /home/kazek/Documents/ProgFun/gui/atk-2.18.0/install-sh'
libdir='${exec_prefix}/lib'
libexecdir='${exec_prefix}/libexec'
localedir='${datarootdir}/locale'
localstatedir='${prefix}/var'
mandir='${datarootdir}/man'
mkdir_p='$(MKDIR_P)'
ms_librarian=''
oldincludedir='/usr/include'
pdfdir='${docdir}'
prefix='/usr/local'
program_transform_name='s,x,x,'
psdir='${docdir}'
sbindir='${exec_prefix}/sbin'
sharedstatedir='${prefix}/com'
sysconfdir='${prefix}/etc'
target_alias=''

## ----------- ##
## confdefs.h. ##
## ----------- ##

/* confdefs.h */
#define PACKAGE_NAME "atk"
#define PACKAGE_TARNAME "atk"
#define PACKAGE_VERSION "2.18.0"
#define PACKAGE_STRING "atk 2.18.0"
#define PACKAGE_BUGREPORT "http://bugzilla.gnome.org/enter_bug.cgi?product=atk"
#define PACKAGE_URL ""
#define PACKAGE "atk"
#define VERSION "2.18.0"
#define STDC_HEADERS 1
#define HAVE_SYS_TYPES_H 1
#define HAVE_SYS_STAT_H 1
#define HAVE_STDLIB_H 1
#define HAVE_STRING_H 1
#define HAVE_MEMORY_H 1
#define HAVE_STRINGS_H 1
#define HAVE_INTTYPES_H 1
#define HAVE_STDINT_H 1
#define HAVE_UNISTD_H 1
#define HAVE_DLFCN_H 1
#define LT_OBJDIR ".libs/"
#define HAVE_BIND_TEXTDOMAIN_CODESET 1
#define GETTEXT_PACKAGE "atk10"
#define HAVE_LOCALE_H 1
#define HAVE_LC_MESSAGES 1
#define HAVE_BIND_TEXTDOMAIN_CODESET 1
#define HAVE_GETTEXT 1
#define HAVE_DCGETTEXT 1
#define ENABLE_NLS 1
#define _ATK_EXTERN __attribute__((visibility("default"))) extern

configure: exit 0
