This file contains any messages produced by compilers while
running configure, to aid debugging if configure makes a mistake.

It was created by pango configure 1.38.0, which was
generated by GNU Autoconf 2.69.  Invocation command line was

  $ ./configure 

## --------- ##
## Platform. ##
## --------- ##

hostname = KDZL
uname -m = x86_64
uname -r = 3.19.0-43-generic
uname -s = Linux
uname -v = #49~14.04.1-Ubuntu SMP Thu Dec 31 15:44:49 UTC 2015

/usr/bin/uname -p = unknown
/bin/uname -X     = unknown

/bin/arch              = unknown
/usr/bin/arch -k       = unknown
/usr/convex/getsysinfo = unknown
/usr/bin/hostinfo      = unknown
/bin/machine           = unknown
/usr/bin/oslevel       = unknown
/bin/universe          = unknown

PATH: /home/kazek/anaconda3/envs/p2.7/bin
PATH: /usr/local/sbin
PATH: /usr/local/bin
PATH: /usr/sbin
PATH: /usr/bin
PATH: /sbin
PATH: /bin
PATH: /usr/games
PATH: /usr/local/games


## ----------- ##
## Core tests. ##
## ----------- ##

configure:2580: checking for a BSD-compatible install
configure:2648: result: /usr/bin/install -c
configure:2659: checking whether build environment is sane
configure:2714: result: yes
configure:2865: checking for a thread-safe mkdir -p
configure:2904: result: /bin/mkdir -p
configure:2911: checking for gawk
configure:2927: found /usr/bin/gawk
configure:2938: result: gawk
configure:2949: checking whether make sets $(MAKE)
configure:2971: result: yes
configure:3000: checking whether make supports nested variables
configure:3017: result: yes
configure:3154: checking whether make supports nested variables
configure:3171: result: yes
configure:3231: checking build system type
configure:3245: result: x86_64-unknown-linux-gnu
configure:3265: checking host system type
configure:3278: result: x86_64-unknown-linux-gnu
configure:3299: checking for native Win32
configure:3317: result: no
configure:3379: checking for gcc
configure:3395: found /usr/bin/gcc
configure:3406: result: gcc
configure:3635: checking for C compiler version
configure:3644: gcc --version >&5
gcc (Ubuntu 4.8.4-2ubuntu1~14.04) 4.8.4
Copyright (C) 2013 Free Software Foundation, Inc.
This is free software; see the source for copying conditions.  There is NO
warranty; not even for MERCHANTABILITY or FITNESS FOR A PARTICULAR PURPOSE.

configure:3655: $? = 0
configure:3644: gcc -v >&5
Using built-in specs.
COLLECT_GCC=gcc
COLLECT_LTO_WRAPPER=/usr/lib/gcc/x86_64-linux-gnu/4.8/lto-wrapper
Target: x86_64-linux-gnu
Configured with: ../src/configure -v --with-pkgversion='Ubuntu 4.8.4-2ubuntu1~14.04' --with-bugurl=file:///usr/share/doc/gcc-4.8/README.Bugs --enable-languages=c,c++,java,go,d,fortran,objc,obj-c++ --prefix=/usr --program-suffix=-4.8 --enable-shared --enable-linker-build-id --libexecdir=/usr/lib --without-included-gettext --enable-threads=posix --with-gxx-include-dir=/usr/include/c++/4.8 --libdir=/usr/lib --enable-nls --with-sysroot=/ --enable-clocale=gnu --enable-libstdcxx-debug --enable-libstdcxx-time=yes --enable-gnu-unique-object --disable-libmudflap --enable-plugin --with-system-zlib --disable-browser-plugin --enable-java-awt=gtk --enable-gtk-cairo --with-java-home=/usr/lib/jvm/java-1.5.0-gcj-4.8-amd64/jre --enable-java-home --with-jvm-root-dir=/usr/lib/jvm/java-1.5.0-gcj-4.8-amd64 --with-jvm-jar-dir=/usr/lib/jvm-exports/java-1.5.0-gcj-4.8-amd64 --with-arch-directory=amd64 --with-ecj-jar=/usr/share/java/eclipse-ecj.jar --enable-objc-gc --enable-multiarch --disable-werror --with-arch-32=i686 --with-abi=m64 --with-multilib-list=m32,m64,mx32 --with-tune=generic --enable-checking=release --build=x86_64-linux-gnu --host=x86_64-linux-gnu --target=x86_64-linux-gnu
Thread model: posix
gcc version 4.8.4 (Ubuntu 4.8.4-2ubuntu1~14.04) 
configure:3655: $? = 0
configure:3644: gcc -V >&5
gcc: error: unrecognized command line option '-V'
gcc: fatal error: no input files
compilation terminated.
configure:3655: $? = 4
configure:3644: gcc -qversion >&5
gcc: error: unrecognized command line option '-qversion'
gcc: fatal error: no input files
compilation terminated.
configure:3655: $? = 4
configure:3675: checking whether the C compiler works
configure:3697: gcc    conftest.c  >&5
configure:3701: $? = 0
configure:3749: result: yes
configure:3752: checking for C compiler default output file name
configure:3754: result: a.out
configure:3760: checking for suffix of executables
configure:3767: gcc -o conftest    conftest.c  >&5
configure:3771: $? = 0
configure:3793: result: 
configure:3815: checking whether we are cross compiling
configure:3823: gcc -o conftest    conftest.c  >&5
configure:3827: $? = 0
configure:3834: ./conftest
configure:3838: $? = 0
configure:3853: result: no
configure:3858: checking for suffix of object files
configure:3880: gcc -c   conftest.c >&5
configure:3884: $? = 0
configure:3905: result: o
configure:3909: checking whether we are using the GNU C compiler
configure:3928: gcc -c   conftest.c >&5
configure:3928: $? = 0
configure:3937: result: yes
configure:3946: checking whether gcc accepts -g
configure:3966: gcc -c -g  conftest.c >&5
configure:3966: $? = 0
configure:4007: result: yes
configure:4024: checking for gcc option to accept ISO C89
configure:4087: gcc  -c -g -O2  conftest.c >&5
configure:4087: $? = 0
configure:4100: result: none needed
configure:4125: checking whether gcc understands -c and -o together
configure:4147: gcc -c conftest.c -o conftest2.o
configure:4150: $? = 0
configure:4147: gcc -c conftest.c -o conftest2.o
configure:4150: $? = 0
configure:4162: result: yes
configure:4190: checking for style of include used by make
configure:4218: result: GNU
configure:4244: checking dependency style of gcc
configure:4355: result: gcc3
configure:4420: checking for c++
configure:4436: found /usr/bin/c++
configure:4447: result: c++
configure:4590: checking for C++ compiler version
configure:4599: c++ --version >&5
c++ (Ubuntu 4.8.4-2ubuntu1~14.04) 4.8.4
Copyright (C) 2013 Free Software Foundation, Inc.
This is free software; see the source for copying conditions.  There is NO
warranty; not even for MERCHANTABILITY or FITNESS FOR A PARTICULAR PURPOSE.

configure:4610: $? = 0
configure:4599: c++ -v >&5
Using built-in specs.
COLLECT_GCC=c++
COLLECT_LTO_WRAPPER=/usr/lib/gcc/x86_64-linux-gnu/4.8/lto-wrapper
Target: x86_64-linux-gnu
Configured with: ../src/configure -v --with-pkgversion='Ubuntu 4.8.4-2ubuntu1~14.04' --with-bugurl=file:///usr/share/doc/gcc-4.8/README.Bugs --enable-languages=c,c++,java,go,d,fortran,objc,obj-c++ --prefix=/usr --program-suffix=-4.8 --enable-shared --enable-linker-build-id --libexecdir=/usr/lib --without-included-gettext --enable-threads=posix --with-gxx-include-dir=/usr/include/c++/4.8 --libdir=/usr/lib --enable-nls --with-sysroot=/ --enable-clocale=gnu --enable-libstdcxx-debug --enable-libstdcxx-time=yes --enable-gnu-unique-object --disable-libmudflap --enable-plugin --with-system-zlib --disable-browser-plugin --enable-java-awt=gtk --enable-gtk-cairo --with-java-home=/usr/lib/jvm/java-1.5.0-gcj-4.8-amd64/jre --enable-java-home --with-jvm-root-dir=/usr/lib/jvm/java-1.5.0-gcj-4.8-amd64 --with-jvm-jar-dir=/usr/lib/jvm-exports/java-1.5.0-gcj-4.8-amd64 --with-arch-directory=amd64 --with-ecj-jar=/usr/share/java/eclipse-ecj.jar --enable-objc-gc --enable-multiarch --disable-werror --with-arch-32=i686 --with-abi=m64 --with-multilib-list=m32,m64,mx32 --with-tune=generic --enable-checking=release --build=x86_64-linux-gnu --host=x86_64-linux-gnu --target=x86_64-linux-gnu
Thread model: posix
gcc version 4.8.4 (Ubuntu 4.8.4-2ubuntu1~14.04) 
configure:4610: $? = 0
configure:4599: c++ -V >&5
c++: error: unrecognized command line option '-V'
c++: fatal error: no input files
compilation terminated.
configure:4610: $? = 4
configure:4599: c++ -qversion >&5
c++: error: unrecognized command line option '-qversion'
c++: fatal error: no input files
compilation terminated.
configure:4610: $? = 4
configure:4614: checking whether we are using the GNU C++ compiler
configure:4633: c++ -c   conftest.cpp >&5
configure:4633: $? = 0
configure:4642: result: yes
configure:4651: checking whether c++ accepts -g
configure:4671: c++ -c -g  conftest.cpp >&5
configure:4671: $? = 0
configure:4712: result: yes
configure:4737: checking dependency style of c++
configure:4848: result: gcc3
configure:4875: c++ -c -g -O2  conftest.cpp >&5
configure:4875: $? = 0
configure:4903: checking for sysconf
configure:4903: gcc -o conftest -g -O2   conftest.c  >&5
configure:4903: $? = 0
configure:4903: result: yes
configure:4903: checking for getpagesize
configure:4903: gcc -o conftest -g -O2   conftest.c  >&5
configure:4903: $? = 0
configure:4903: result: yes
configure:4917: checking how to run the C preprocessor
configure:4948: gcc -E  conftest.c
configure:4948: $? = 0
configure:4962: gcc -E  conftest.c
conftest.c:18:28: fatal error: ac_nonexistent.h: No such file or directory
 #include <ac_nonexistent.h>
                            ^
compilation terminated.
configure:4962: $? = 1
configure: failed program was:
| /* confdefs.h */
| #define PACKAGE_NAME "pango"
| #define PACKAGE_TARNAME "pango"
| #define PACKAGE_VERSION "1.38.0"
| #define PACKAGE_STRING "pango 1.38.0"
| #define PACKAGE_BUGREPORT "http://bugzilla.gnome.org/enter_bug.cgi?product=pango"
| #define PACKAGE_URL ""
| #define PACKAGE "pango"
| #define VERSION "1.38.0"
| #define PANGO_BINARY_AGE 3800
| #define PANGO_INTERFACE_AGE 0
| #define PANGO_VERSION_MAJOR 1
| #define PANGO_VERSION_MINOR 38
| #define PANGO_VERSION_MICRO 0
| #define HAVE_SYSCONF 1
| #define HAVE_GETPAGESIZE 1
| /* end confdefs.h.  */
| #include <ac_nonexistent.h>
configure:4987: result: gcc -E
configure:5007: gcc -E  conftest.c
configure:5007: $? = 0
configure:5021: gcc -E  conftest.c
conftest.c:18:28: fatal error: ac_nonexistent.h: No such file or directory
 #include <ac_nonexistent.h>
                            ^
compilation terminated.
configure:5021: $? = 1
configure: failed program was:
| /* confdefs.h */
| #define PACKAGE_NAME "pango"
| #define PACKAGE_TARNAME "pango"
| #define PACKAGE_VERSION "1.38.0"
| #define PACKAGE_STRING "pango 1.38.0"
| #define PACKAGE_BUGREPORT "http://bugzilla.gnome.org/enter_bug.cgi?product=pango"
| #define PACKAGE_URL ""
| #define PACKAGE "pango"
| #define VERSION "1.38.0"
| #define PANGO_BINARY_AGE 3800
| #define PANGO_INTERFACE_AGE 0
| #define PANGO_VERSION_MAJOR 1
| #define PANGO_VERSION_MINOR 38
| #define PANGO_VERSION_MICRO 0
| #define HAVE_SYSCONF 1
| #define HAVE_GETPAGESIZE 1
| /* end confdefs.h.  */
| #include <ac_nonexistent.h>
configure:5050: checking for grep that handles long lines and -e
configure:5108: result: /bin/grep
configure:5113: checking for egrep
configure:5175: result: /bin/grep -E
configure:5180: checking for ANSI C header files
configure:5200: gcc -c -g -O2  conftest.c >&5
configure:5200: $? = 0
configure:5273: gcc -o conftest -g -O2   conftest.c  >&5
configure:5273: $? = 0
configure:5273: ./conftest
configure:5273: $? = 0
configure:5284: result: yes
configure:5297: checking for sys/types.h
configure:5297: gcc -c -g -O2  conftest.c >&5
configure:5297: $? = 0
configure:5297: result: yes
configure:5297: checking for sys/stat.h
configure:5297: gcc -c -g -O2  conftest.c >&5
configure:5297: $? = 0
configure:5297: result: yes
configure:5297: checking for stdlib.h
configure:5297: gcc -c -g -O2  conftest.c >&5
configure:5297: $? = 0
configure:5297: result: yes
configure:5297: checking for string.h
configure:5297: gcc -c -g -O2  conftest.c >&5
configure:5297: $? = 0
configure:5297: result: yes
configure:5297: checking for memory.h
configure:5297: gcc -c -g -O2  conftest.c >&5
configure:5297: $? = 0
configure:5297: result: yes
configure:5297: checking for strings.h
configure:5297: gcc -c -g -O2  conftest.c >&5
configure:5297: $? = 0
configure:5297: result: yes
configure:5297: checking for inttypes.h
configure:5297: gcc -c -g -O2  conftest.c >&5
configure:5297: $? = 0
configure:5297: result: yes
configure:5297: checking for stdint.h
configure:5297: gcc -c -g -O2  conftest.c >&5
configure:5297: $? = 0
configure:5297: result: yes
configure:5297: checking for unistd.h
configure:5297: gcc -c -g -O2  conftest.c >&5
configure:5297: $? = 0
configure:5297: result: yes
configure:5312: checking for unistd.h
configure:5312: result: yes
configure:5312: checking sys/mman.h usability
configure:5312: gcc -c -g -O2  conftest.c >&5
configure:5312: $? = 0
configure:5312: result: yes
configure:5312: checking sys/mman.h presence
configure:5312: gcc -E  conftest.c
configure:5312: $? = 0
configure:5312: result: yes
configure:5312: checking for sys/mman.h
configure:5312: result: yes
configure:5709: checking how to print strings
configure:5736: result: printf
configure:5757: checking for a sed that does not truncate output
configure:5821: result: /bin/sed
configure:5839: checking for fgrep
configure:5901: result: /bin/grep -F
configure:5936: checking for ld used by gcc
configure:6003: result: /usr/bin/ld
configure:6010: checking if the linker (/usr/bin/ld) is GNU ld
configure:6025: result: yes
configure:6037: checking for BSD- or MS-compatible name lister (nm)
configure:6091: result: /usr/bin/nm -B
configure:6221: checking the name lister (/usr/bin/nm -B) interface
configure:6228: gcc -c -g -O2  conftest.c >&5
configure:6231: /usr/bin/nm -B "conftest.o"
configure:6234: output
0000000000000000 B some_variable
configure:6241: result: BSD nm
configure:6244: checking whether ln -s works
configure:6248: result: yes
configure:6256: checking the maximum length of command line arguments
configure:6387: result: 1572864
configure:6435: checking how to convert x86_64-unknown-linux-gnu file names to x86_64-unknown-linux-gnu format
configure:6475: result: func_convert_file_noop
configure:6482: checking how to convert x86_64-unknown-linux-gnu file names to toolchain format
configure:6502: result: func_convert_file_noop
configure:6509: checking for /usr/bin/ld option to reload object files
configure:6516: result: -r
configure:6590: checking for objdump
configure:6617: result: objdump
configure:6646: checking how to recognize dependent libraries
configure:6846: result: pass_all
configure:6931: checking for dlltool
configure:6958: result: dlltool
configure:6988: checking how to associate runtime and link libraries
configure:7015: result: printf %s\n
configure:7075: checking for ar
configure:7091: found /usr/bin/ar
configure:7102: result: ar
configure:7139: checking for archiver @FILE support
configure:7156: gcc -c -g -O2  conftest.c >&5
configure:7156: $? = 0
configure:7159: ar cru libconftest.a @conftest.lst >&5
configure:7162: $? = 0
configure:7167: ar cru libconftest.a @conftest.lst >&5
ar: conftest.o: No such file or directory
configure:7170: $? = 1
configure:7182: result: @
configure:7240: checking for strip
configure:7256: found /usr/bin/strip
configure:7267: result: strip
configure:7339: checking for ranlib
configure:7355: found /usr/bin/ranlib
configure:7366: result: ranlib
configure:7468: checking command to parse /usr/bin/nm -B output from gcc object
configure:7621: gcc -c -g -O2  conftest.c >&5
configure:7624: $? = 0
configure:7628: /usr/bin/nm -B conftest.o \| sed -n -e 's/^.*[ ]\([ABCDGIRSTW][ABCDGIRSTW]*\)[ ][ ]*\([_A-Za-z][_A-Za-z0-9]*\)$/\1 \2 \2/p' | sed '/ __gnu_lto/d' \> conftest.nm
configure:7631: $? = 0
configure:7697: gcc -o conftest -g -O2   conftest.c conftstm.o >&5
configure:7700: $? = 0
configure:7738: result: ok
configure:7785: checking for sysroot
configure:7815: result: no
configure:7822: checking for a working dd
configure:7860: result: /bin/dd
configure:7864: checking how to truncate binary pipes
configure:7879: result: /bin/dd bs=4096 count=1
configure:8015: gcc -c -g -O2  conftest.c >&5
configure:8018: $? = 0
configure:8208: checking for mt
configure:8224: found /bin/mt
configure:8235: result: mt
configure:8258: checking if mt is a manifest tool
configure:8264: mt '-?'
configure:8272: result: no
configure:8946: checking for dlfcn.h
configure:8946: gcc -c -g -O2  conftest.c >&5
configure:8946: $? = 0
configure:8946: result: yes
configure:9180: checking for objdir
configure:9195: result: .libs
configure:9455: checking if gcc supports -fno-rtti -fno-exceptions
configure:9473: gcc -c -g -O2  -fno-rtti -fno-exceptions conftest.c >&5
cc1: warning: command line option '-fno-rtti' is valid for C++/ObjC++ but not for C [enabled by default]
configure:9477: $? = 0
configure:9490: result: no
configure:9848: checking for gcc option to produce PIC
configure:9855: result: -fPIC -DPIC
configure:9863: checking if gcc PIC flag -fPIC -DPIC works
configure:9881: gcc -c -g -O2  -fPIC -DPIC -DPIC conftest.c >&5
configure:9885: $? = 0
configure:9898: result: yes
configure:9927: checking if gcc static flag -static works
configure:9955: result: yes
configure:9970: checking if gcc supports -c -o file.o
configure:9991: gcc -c -g -O2  -o out/conftest2.o conftest.c >&5
configure:9995: $? = 0
configure:10017: result: yes
configure:10025: checking if gcc supports -c -o file.o
configure:10072: result: yes
configure:10105: checking whether the gcc linker (/usr/bin/ld -m elf_x86_64) supports shared libraries
configure:11364: result: yes
configure:11401: checking whether -lc should be explicitly linked in
configure:11409: gcc -c -g -O2  conftest.c >&5
configure:11412: $? = 0
configure:11427: gcc -shared  -fPIC -DPIC conftest.o  -v -Wl,-soname -Wl,conftest -o conftest 2\>\&1 \| /bin/grep  -lc  \>/dev/null 2\>\&1
configure:11430: $? = 0
configure:11444: result: no
configure:11604: checking dynamic linker characteristics
configure:12185: gcc -o conftest -g -O2   -Wl,-rpath -Wl,/foo conftest.c  >&5
configure:12185: $? = 0
configure:12425: result: GNU/Linux ld.so
configure:12547: checking how to hardcode library paths into programs
configure:12572: result: immediate
configure:13120: checking whether stripping libraries is possible
configure:13125: result: yes
configure:13160: checking if libtool supports shared libraries
configure:13162: result: yes
configure:13165: checking whether to build shared libraries
configure:13190: result: yes
configure:13193: checking whether to build static libraries
configure:13197: result: no
configure:13220: checking how to run the C++ preprocessor
configure:13247: c++ -E  conftest.cpp
configure:13247: $? = 0
configure:13261: c++ -E  conftest.cpp
conftest.cpp:32:28: fatal error: ac_nonexistent.h: No such file or directory
 #include <ac_nonexistent.h>
                            ^
compilation terminated.
configure:13261: $? = 1
configure: failed program was:
| /* confdefs.h */
| #define PACKAGE_NAME "pango"
| #define PACKAGE_TARNAME "pango"
| #define PACKAGE_VERSION "1.38.0"
| #define PACKAGE_STRING "pango 1.38.0"
| #define PACKAGE_BUGREPORT "http://bugzilla.gnome.org/enter_bug.cgi?product=pango"
| #define PACKAGE_URL ""
| #define PACKAGE "pango"
| #define VERSION "1.38.0"
| #define PANGO_BINARY_AGE 3800
| #define PANGO_INTERFACE_AGE 0
| #define PANGO_VERSION_MAJOR 1
| #define PANGO_VERSION_MINOR 38
| #define PANGO_VERSION_MICRO 0
| #define HAVE_SYSCONF 1
| #define HAVE_GETPAGESIZE 1
| #define STDC_HEADERS 1
| #define HAVE_SYS_TYPES_H 1
| #define HAVE_SYS_STAT_H 1
| #define HAVE_STDLIB_H 1
| #define HAVE_STRING_H 1
| #define HAVE_MEMORY_H 1
| #define HAVE_STRINGS_H 1
| #define HAVE_INTTYPES_H 1
| #define HAVE_STDINT_H 1
| #define HAVE_UNISTD_H 1
| #define HAVE_UNISTD_H 1
| #define HAVE_SYS_MMAN_H 1
| #define HAVE_DLFCN_H 1
| #define LT_OBJDIR ".libs/"
| /* end confdefs.h.  */
| #include <ac_nonexistent.h>
configure:13286: result: c++ -E
configure:13306: c++ -E  conftest.cpp
configure:13306: $? = 0
configure:13320: c++ -E  conftest.cpp
conftest.cpp:32:28: fatal error: ac_nonexistent.h: No such file or directory
 #include <ac_nonexistent.h>
                            ^
compilation terminated.
configure:13320: $? = 1
configure: failed program was:
| /* confdefs.h */
| #define PACKAGE_NAME "pango"
| #define PACKAGE_TARNAME "pango"
| #define PACKAGE_VERSION "1.38.0"
| #define PACKAGE_STRING "pango 1.38.0"
| #define PACKAGE_BUGREPORT "http://bugzilla.gnome.org/enter_bug.cgi?product=pango"
| #define PACKAGE_URL ""
| #define PACKAGE "pango"
| #define VERSION "1.38.0"
| #define PANGO_BINARY_AGE 3800
| #define PANGO_INTERFACE_AGE 0
| #define PANGO_VERSION_MAJOR 1
| #define PANGO_VERSION_MINOR 38
| #define PANGO_VERSION_MICRO 0
| #define HAVE_SYSCONF 1
| #define HAVE_GETPAGESIZE 1
| #define STDC_HEADERS 1
| #define HAVE_SYS_TYPES_H 1
| #define HAVE_SYS_STAT_H 1
| #define HAVE_STDLIB_H 1
| #define HAVE_STRING_H 1
| #define HAVE_MEMORY_H 1
| #define HAVE_STRINGS_H 1
| #define HAVE_INTTYPES_H 1
| #define HAVE_STDINT_H 1
| #define HAVE_UNISTD_H 1
| #define HAVE_UNISTD_H 1
| #define HAVE_SYS_MMAN_H 1
| #define HAVE_DLFCN_H 1
| #define LT_OBJDIR ".libs/"
| /* end confdefs.h.  */
| #include <ac_nonexistent.h>
configure:13482: checking for ld used by c++
configure:13549: result: /usr/bin/ld -m elf_x86_64
configure:13556: checking if the linker (/usr/bin/ld -m elf_x86_64) is GNU ld
configure:13571: result: yes
configure:13626: checking whether the c++ linker (/usr/bin/ld -m elf_x86_64) supports shared libraries
configure:14699: result: yes
configure:14735: c++ -c -g -O2  conftest.cpp >&5
configure:14738: $? = 0
configure:15219: checking for c++ option to produce PIC
configure:15226: result: -fPIC -DPIC
configure:15234: checking if c++ PIC flag -fPIC -DPIC works
configure:15252: c++ -c -g -O2  -fPIC -DPIC -DPIC conftest.cpp >&5
configure:15256: $? = 0
configure:15269: result: yes
configure:15292: checking if c++ static flag -static works
configure:15320: result: yes
configure:15332: checking if c++ supports -c -o file.o
configure:15353: c++ -c -g -O2  -o out/conftest2.o conftest.cpp >&5
configure:15357: $? = 0
configure:15379: result: yes
configure:15384: checking if c++ supports -c -o file.o
configure:15431: result: yes
configure:15461: checking whether the c++ linker (/usr/bin/ld -m elf_x86_64) supports shared libraries
configure:15501: result: yes
configure:15642: checking dynamic linker characteristics
configure:16390: result: GNU/Linux ld.so
configure:16455: checking how to hardcode library paths into programs
configure:16480: result: immediate
configure:16542: creating ./config.lt

## ------------------ ##
## Running config.lt. ##
## ------------------ ##
config.lt:684: creating libtool
configure:18099: checking for some Win32 platform
configure:18109: result: no
configure:18370: checking for pkg-config
configure:18388: found /usr/bin/pkg-config
configure:18400: result: /usr/bin/pkg-config
configure:18425: checking pkg-config is at least version 0.9.0
configure:18428: result: yes
configure:18438: checking for HARFBUZZ
configure:18445: $PKG_CONFIG --exists --print-errors "harfbuzz >= 0.9.9"
configure:18448: $? = 0
configure:18462: $PKG_CONFIG --exists --print-errors "harfbuzz >= 0.9.9"
configure:18465: $? = 0
configure:18503: result: yes
configure:18523: checking for FONTCONFIG
configure:18530: $PKG_CONFIG --exists --print-errors "fontconfig >= 2.10.91"
configure:18533: $? = 0
configure:18547: $PKG_CONFIG --exists --print-errors "fontconfig >= 2.10.91"
configure:18550: $? = 0
configure:18588: result: yes
configure:18598: checking for FcWeightFromOpenType
configure:18598: gcc -o conftest -g -O2 -Wall   conftest.c  -lfontconfig -lfreetype   >&5
/tmp/ccT31zAk.o: In function `main':
/home/kazek/Documents/ProgFun/gui/pango-1.38.0/conftest.c:66: undefined reference to `FcWeightFromOpenType'
collect2: error: ld returned 1 exit status
configure:18598: $? = 1
configure: failed program was:
| /* confdefs.h */
| #define PACKAGE_NAME "pango"
| #define PACKAGE_TARNAME "pango"
| #define PACKAGE_VERSION "1.38.0"
| #define PACKAGE_STRING "pango 1.38.0"
| #define PACKAGE_BUGREPORT "http://bugzilla.gnome.org/enter_bug.cgi?product=pango"
| #define PACKAGE_URL ""
| #define PACKAGE "pango"
| #define VERSION "1.38.0"
| #define PANGO_BINARY_AGE 3800
| #define PANGO_INTERFACE_AGE 0
| #define PANGO_VERSION_MAJOR 1
| #define PANGO_VERSION_MINOR 38
| #define PANGO_VERSION_MICRO 0
| #define HAVE_SYSCONF 1
| #define HAVE_GETPAGESIZE 1
| #define STDC_HEADERS 1
| #define HAVE_SYS_TYPES_H 1
| #define HAVE_SYS_STAT_H 1
| #define HAVE_STDLIB_H 1
| #define HAVE_STRING_H 1
| #define HAVE_MEMORY_H 1
| #define HAVE_STRINGS_H 1
| #define HAVE_INTTYPES_H 1
| #define HAVE_STDINT_H 1
| #define HAVE_UNISTD_H 1
| #define HAVE_UNISTD_H 1
| #define HAVE_SYS_MMAN_H 1
| #define HAVE_DLFCN_H 1
| #define LT_OBJDIR ".libs/"
| /* end confdefs.h.  */
| /* Define FcWeightFromOpenType to an innocuous variant, in case <limits.h> declares FcWeightFromOpenType.
|    For example, HP-UX 11i <limits.h> declares gettimeofday.  */
| #define FcWeightFromOpenType innocuous_FcWeightFromOpenType
| 
| /* System header to define __stub macros and hopefully few prototypes,
|     which can conflict with char FcWeightFromOpenType (); below.
|     Prefer <limits.h> to <assert.h> if __STDC__ is defined, since
|     <limits.h> exists even on freestanding compilers.  */
| 
| #ifdef __STDC__
| # include <limits.h>
| #else
| # include <assert.h>
| #endif
| 
| #undef FcWeightFromOpenType
| 
| /* Override any GCC internal prototype to avoid an error.
|    Use char because int might match the return type of a GCC
|    builtin and then its argument prototype would still apply.  */
| #ifdef __cplusplus
| extern "C"
| #endif
| char FcWeightFromOpenType ();
| /* The GNU C library defines this for functions which it implements
|     to always fail with ENOSYS.  Some functions are actually named
|     something starting with __ and the normal name is an alias.  */
| #if defined __stub_FcWeightFromOpenType || defined __stub___FcWeightFromOpenType
| choke me
| #endif
| 
| int
| main ()
| {
| return FcWeightFromOpenType ();
|   ;
|   return 0;
| }
configure:18598: result: no
configure:18619: checking for FREETYPE
configure:18626: $PKG_CONFIG --exists --print-errors "freetype2"
configure:18629: $? = 0
configure:18643: $PKG_CONFIG --exists --print-errors "freetype2"
configure:18646: $? = 0
configure:18684: result: yes
configure:18718: checking for XFT
configure:18725: $PKG_CONFIG --exists --print-errors "xft >= 2.0.0 xrender"
configure:18728: $? = 0
configure:18742: $PKG_CONFIG --exists --print-errors "xft >= 2.0.0 xrender"
configure:18745: $? = 0
configure:18783: result: yes
configure:18863: checking for CoreText availability
configure:18878: gcc -o conftest -g -O2 -Wall   conftest.c  -framework ApplicationServices >&5
gcc: error: ApplicationServices: No such file or directory
gcc: error: unrecognized command line option '-framework'
configure:18878: $? = 1
configure: failed program was:
| /* confdefs.h */
| #define PACKAGE_NAME "pango"
| #define PACKAGE_TARNAME "pango"
| #define PACKAGE_VERSION "1.38.0"
| #define PACKAGE_STRING "pango 1.38.0"
| #define PACKAGE_BUGREPORT "http://bugzilla.gnome.org/enter_bug.cgi?product=pango"
| #define PACKAGE_URL ""
| #define PACKAGE "pango"
| #define VERSION "1.38.0"
| #define PANGO_BINARY_AGE 3800
| #define PANGO_INTERFACE_AGE 0
| #define PANGO_VERSION_MAJOR 1
| #define PANGO_VERSION_MINOR 38
| #define PANGO_VERSION_MICRO 0
| #define HAVE_SYSCONF 1
| #define HAVE_GETPAGESIZE 1
| #define STDC_HEADERS 1
| #define HAVE_SYS_TYPES_H 1
| #define HAVE_SYS_STAT_H 1
| #define HAVE_STDLIB_H 1
| #define HAVE_STRING_H 1
| #define HAVE_MEMORY_H 1
| #define HAVE_STRINGS_H 1
| #define HAVE_INTTYPES_H 1
| #define HAVE_STDINT_H 1
| #define HAVE_UNISTD_H 1
| #define HAVE_UNISTD_H 1
| #define HAVE_SYS_MMAN_H 1
| #define HAVE_DLFCN_H 1
| #define LT_OBJDIR ".libs/"
| #define HAVE_FREETYPE 1
| #define HAVE_XFT 1
| /* end confdefs.h.  */
| #include <Carbon/Carbon.h>
| int
| main ()
| {
| CTGetCoreTextVersion ();
|   ;
|   return 0;
| }
configure:18893: result: no
configure:18930: checking for CAIRO
configure:18937: $PKG_CONFIG --exists --print-errors "cairo >= $cairo_required"
configure:18940: $? = 0
configure:18954: $PKG_CONFIG --exists --print-errors "cairo >= $cairo_required"
configure:18957: $? = 0
configure:18995: result: yes
configure:19013: $PKG_CONFIG --exists --print-errors "cairo-ft >= $cairo_required"
configure:19016: $? = 0
configure:19053: $PKG_CONFIG --exists --print-errors "cairo-quartz-font >= $cairo_required"
Package cairo-quartz-font was not found in the pkg-config search path.
Perhaps you should add the directory containing `cairo-quartz-font.pc'
to the PKG_CONFIG_PATH environment variable
No package 'cairo-quartz-font' found
configure:19056: $? = 1
configure:19071: checking which cairo font backends could be used
configure:19074: result: freetype 
configure:19092: $PKG_CONFIG --exists --print-errors "cairo-png >= $cairo_required"
configure:19095: $? = 0
configure:19108: $PKG_CONFIG --exists --print-errors "cairo-ps >= $cairo_required"
configure:19111: $? = 0
configure:19124: $PKG_CONFIG --exists --print-errors "cairo-pdf >= $cairo_required"
configure:19127: $? = 0
configure:19140: $PKG_CONFIG --exists --print-errors "cairo-xlib >= $cairo_required"
configure:19143: $? = 0
configure:19251: checking for GLIB
configure:19258: $PKG_CONFIG --exists --print-errors "$GLIB_MODULES"
configure:19261: $? = 0
configure:19275: $PKG_CONFIG --exists --print-errors "$GLIB_MODULES"
configure:19278: $? = 0
configure:19320: result: yes
configure:19336: checking for LIBTHAI
configure:19343: $PKG_CONFIG --exists --print-errors "libthai >= $LIBTHAI_REQUIRED_VERSION"
Package libthai was not found in the pkg-config search path.
Perhaps you should add the directory containing `libthai.pc'
to the PKG_CONFIG_PATH environment variable
No package 'libthai' found
configure:19346: $? = 1
configure:19360: $PKG_CONFIG --exists --print-errors "libthai >= $LIBTHAI_REQUIRED_VERSION"
Package libthai was not found in the pkg-config search path.
Perhaps you should add the directory containing `libthai.pc'
to the PKG_CONFIG_PATH environment variable
No package 'libthai' found
configure:19363: $? = 1
configure:19377: result: no
No package 'libthai' found
configure:19426: checking for gobject-introspection
configure:19457: $PKG_CONFIG --exists --print-errors "gobject-introspection-1.0 >= 0.9.5"
configure:19460: $? = 0
configure:19471: result: yes
configure:19517: checking for flockfile
configure:19517: gcc -o conftest -g -O2 -Wall   conftest.c  >&5
configure:19517: $? = 0
configure:19517: result: yes
configure:19517: checking for strtok_r
configure:19517: gcc -o conftest -g -O2 -Wall   conftest.c  >&5
configure:19517: $? = 0
configure:19517: result: yes
configure:19540: checking for gtk-doc
configure:19543: $PKG_CONFIG --exists --print-errors "$gtk_doc_requires"
configure:19546: $? = 0
configure:19552: result: yes
configure:19566: checking for gtkdoc-check
configure:19582: found /usr/bin/gtkdoc-check
configure:19593: result: gtkdoc-check.test
configure:19603: checking for gtkdoc-check
configure:19621: found /usr/bin/gtkdoc-check
configure:19633: result: /usr/bin/gtkdoc-check
configure:19645: checking for gtkdoc-rebase
configure:19663: found /usr/bin/gtkdoc-rebase
configure:19675: result: /usr/bin/gtkdoc-rebase
configure:19689: checking for gtkdoc-mkpdf
configure:19707: found /usr/bin/gtkdoc-mkpdf
configure:19719: result: /usr/bin/gtkdoc-mkpdf
configure:19747: checking whether to build gtk-doc documentation
configure:19749: result: no
configure:19762: checking for GTKDOC_DEPS
configure:19769: $PKG_CONFIG --exists --print-errors "glib-2.0 >= 2.10.0 gobject-2.0  >= 2.10.0"
configure:19772: $? = 0
configure:19786: $PKG_CONFIG --exists --print-errors "glib-2.0 >= 2.10.0 gobject-2.0  >= 2.10.0"
configure:19789: $? = 0
configure:19827: result: yes
configure:19950: checking for -Bsymbolic-functions linker flag
configure:19964: gcc -o conftest -g -O2 -Wall  -Wl,-Bsymbolic-functions conftest.c  >&5
conftest.c: In function 'main':
conftest.c:46:5: warning: 'main' is normally a non-static function [-Wmain]
 int main (void) { return 0; }
     ^
configure:19964: $? = 0
configure:19965: result: yes
configure:20004: checking for dirent.h that defines DIR
configure:20023: gcc -c -g -O2 -Wall  conftest.c >&5
configure:20023: $? = 0
configure:20031: result: yes
configure:20044: checking for library containing opendir
configure:20075: gcc -o conftest -g -O2 -Wall   conftest.c  >&5
configure:20075: $? = 0
configure:20092: result: none required
configure:20161: checking for unistd.h
configure:20161: result: yes
configure:20289: checking that generated files are newer than configure
configure:20295: result: done
configure:20430: creating ./config.status

## ---------------------- ##
## Running config.status. ##
## ---------------------- ##

This file was extended by pango config.status 1.38.0, which was
generated by GNU Autoconf 2.69.  Invocation command line was

  CONFIG_FILES    = 
  CONFIG_HEADERS  = 
  CONFIG_LINKS    = 
  CONFIG_COMMANDS = 
  $ ./config.status 

on KDZL

config.status:1311: creating Makefile
config.status:1311: creating pango/Makefile
config.status:1311: creating pango/mini-fribidi/Makefile
config.status:1311: creating pango/pango.rc
config.status:1311: creating pango/pangoft2.rc
config.status:1311: creating pango/pangowin32.rc
config.status:1311: creating pango/pangocairo.rc
config.status:1311: creating pango/pangoxft.rc
config.status:1311: creating pango-view/Makefile
config.status:1311: creating examples/Makefile
config.status:1311: creating docs/Makefile
config.status:1311: creating docs/version.xml
config.status:1311: creating tools/Makefile
config.status:1311: creating tests/Makefile
config.status:1311: creating build/Makefile
config.status:1311: creating build/win32/Makefile
config.status:1311: creating build/win32/vs9/Makefile
config.status:1311: creating build/win32/vs10/Makefile
config.status:1311: creating build/win32/vs11/Makefile
config.status:1311: creating build/win32/vs12/Makefile
config.status:1311: creating build/win32/vs14/Makefile
config.status:1311: creating pango.pc
config.status:1311: creating pangowin32.pc
config.status:1311: creating pangoft2.pc
config.status:1311: creating pangoxft.pc
config.status:1311: creating pangocairo.pc
config.status:1311: creating pango-uninstalled.pc
config.status:1311: creating pangowin32-uninstalled.pc
config.status:1311: creating pangoft2-uninstalled.pc
config.status:1311: creating pangoxft-uninstalled.pc
config.status:1311: creating pangocairo-uninstalled.pc
config.status:1311: creating config.h.win32
config.status:1311: creating config.h
config.status:1540: executing depfiles commands
config.status:1540: executing libtool commands
config.status:1540: executing pango/pango-features.h commands
config.status:2355: creating pango/pango-features.h
config.status:2375: pango/pango-features.h is unchanged

## ---------------- ##
## Cache variables. ##
## ---------------- ##

ac_cv_build=x86_64-unknown-linux-gnu
ac_cv_c_compiler_gnu=yes
ac_cv_cxx_compiler_gnu=yes
ac_cv_env_CAIRO_CFLAGS_set=
ac_cv_env_CAIRO_CFLAGS_value=
ac_cv_env_CAIRO_LIBS_set=
ac_cv_env_CAIRO_LIBS_value=
ac_cv_env_CCC_set=
ac_cv_env_CCC_value=
ac_cv_env_CC_set=
ac_cv_env_CC_value=
ac_cv_env_CFLAGS_set=
ac_cv_env_CFLAGS_value=
ac_cv_env_CPPFLAGS_set=
ac_cv_env_CPPFLAGS_value=
ac_cv_env_CPP_set=
ac_cv_env_CPP_value=
ac_cv_env_CXXCPP_set=
ac_cv_env_CXXCPP_value=
ac_cv_env_CXXFLAGS_set=
ac_cv_env_CXXFLAGS_value=
ac_cv_env_CXX_set=
ac_cv_env_CXX_value=
ac_cv_env_FONTCONFIG_CFLAGS_set=
ac_cv_env_FONTCONFIG_CFLAGS_value=
ac_cv_env_FONTCONFIG_LIBS_set=
ac_cv_env_FONTCONFIG_LIBS_value=
ac_cv_env_FREETYPE_CFLAGS_set=
ac_cv_env_FREETYPE_CFLAGS_value=
ac_cv_env_FREETYPE_LIBS_set=
ac_cv_env_FREETYPE_LIBS_value=
ac_cv_env_GLIB_CFLAGS_set=
ac_cv_env_GLIB_CFLAGS_value=
ac_cv_env_GLIB_LIBS_set=
ac_cv_env_GLIB_LIBS_value=
ac_cv_env_GTKDOC_DEPS_CFLAGS_set=
ac_cv_env_GTKDOC_DEPS_CFLAGS_value=
ac_cv_env_GTKDOC_DEPS_LIBS_set=
ac_cv_env_GTKDOC_DEPS_LIBS_value=
ac_cv_env_HARFBUZZ_CFLAGS_set=
ac_cv_env_HARFBUZZ_CFLAGS_value=
ac_cv_env_HARFBUZZ_LIBS_set=
ac_cv_env_HARFBUZZ_LIBS_value=
ac_cv_env_LDFLAGS_set=
ac_cv_env_LDFLAGS_value=
ac_cv_env_LIBS_set=
ac_cv_env_LIBS_value=
ac_cv_env_LIBTHAI_CFLAGS_set=
ac_cv_env_LIBTHAI_CFLAGS_value=
ac_cv_env_LIBTHAI_LIBS_set=
ac_cv_env_LIBTHAI_LIBS_value=
ac_cv_env_LT_SYS_LIBRARY_PATH_set=
ac_cv_env_LT_SYS_LIBRARY_PATH_value=
ac_cv_env_PKG_CONFIG_LIBDIR_set=
ac_cv_env_PKG_CONFIG_LIBDIR_value=
ac_cv_env_PKG_CONFIG_PATH_set=
ac_cv_env_PKG_CONFIG_PATH_value=
ac_cv_env_PKG_CONFIG_set=
ac_cv_env_PKG_CONFIG_value=
ac_cv_env_XFT_CFLAGS_set=
ac_cv_env_XFT_CFLAGS_value=
ac_cv_env_XFT_LIBS_set=
ac_cv_env_XFT_LIBS_value=
ac_cv_env_build_alias_set=
ac_cv_env_build_alias_value=
ac_cv_env_host_alias_set=
ac_cv_env_host_alias_value=
ac_cv_env_target_alias_set=
ac_cv_env_target_alias_value=
ac_cv_func_FcWeightFromOpenType=no
ac_cv_func_flockfile=yes
ac_cv_func_getpagesize=yes
ac_cv_func_strtok_r=yes
ac_cv_func_sysconf=yes
ac_cv_header_dirent_dirent_h=yes
ac_cv_header_dlfcn_h=yes
ac_cv_header_inttypes_h=yes
ac_cv_header_memory_h=yes
ac_cv_header_stdc=yes
ac_cv_header_stdint_h=yes
ac_cv_header_stdlib_h=yes
ac_cv_header_string_h=yes
ac_cv_header_strings_h=yes
ac_cv_header_sys_mman_h=yes
ac_cv_header_sys_stat_h=yes
ac_cv_header_sys_types_h=yes
ac_cv_header_unistd_h=yes
ac_cv_host=x86_64-unknown-linux-gnu
ac_cv_objext=o
ac_cv_path_EGREP='/bin/grep -E'
ac_cv_path_FGREP='/bin/grep -F'
ac_cv_path_GREP=/bin/grep
ac_cv_path_GTKDOC_CHECK_PATH=/usr/bin/gtkdoc-check
ac_cv_path_GTKDOC_MKPDF=/usr/bin/gtkdoc-mkpdf
ac_cv_path_GTKDOC_REBASE=/usr/bin/gtkdoc-rebase
ac_cv_path_SED=/bin/sed
ac_cv_path_ac_pt_PKG_CONFIG=/usr/bin/pkg-config
ac_cv_path_install='/usr/bin/install -c'
ac_cv_path_lt_DD=/bin/dd
ac_cv_path_mkdir=/bin/mkdir
ac_cv_prog_AWK=gawk
ac_cv_prog_CPP='gcc -E'
ac_cv_prog_CXXCPP='c++ -E'
ac_cv_prog_GTKDOC_CHECK=gtkdoc-check.test
ac_cv_prog_ac_ct_AR=ar
ac_cv_prog_ac_ct_CC=gcc
ac_cv_prog_ac_ct_CXX=c++
ac_cv_prog_ac_ct_DLLTOOL=dlltool
ac_cv_prog_ac_ct_MANIFEST_TOOL=mt
ac_cv_prog_ac_ct_OBJDUMP=objdump
ac_cv_prog_ac_ct_RANLIB=ranlib
ac_cv_prog_ac_ct_STRIP=strip
ac_cv_prog_cc_c89=
ac_cv_prog_cc_g=yes
ac_cv_prog_cxx_g=yes
ac_cv_prog_make_make_set=yes
ac_cv_search_opendir='none required'
am_cv_CC_dependencies_compiler_type=gcc3
am_cv_CXX_dependencies_compiler_type=gcc3
am_cv_make_support_nested_variables=yes
am_cv_prog_cc_c_o=yes
lt_cv_ar_at_file=@
lt_cv_archive_cmds_need_lc=no
lt_cv_deplibs_check_method=pass_all
lt_cv_file_magic_cmd='$MAGIC_CMD'
lt_cv_file_magic_test_file=
lt_cv_ld_reload_flag=-r
lt_cv_nm_interface='BSD nm'
lt_cv_objdir=.libs
lt_cv_path_LD=/usr/bin/ld
lt_cv_path_LDCXX='/usr/bin/ld -m elf_x86_64'
lt_cv_path_NM='/usr/bin/nm -B'
lt_cv_path_mainfest_tool=no
lt_cv_prog_compiler_c_o=yes
lt_cv_prog_compiler_c_o_CXX=yes
lt_cv_prog_compiler_pic='-fPIC -DPIC'
lt_cv_prog_compiler_pic_CXX='-fPIC -DPIC'
lt_cv_prog_compiler_pic_works=yes
lt_cv_prog_compiler_pic_works_CXX=yes
lt_cv_prog_compiler_rtti_exceptions=no
lt_cv_prog_compiler_static_works=yes
lt_cv_prog_compiler_static_works_CXX=yes
lt_cv_prog_gnu_ld=yes
lt_cv_prog_gnu_ldcxx=yes
lt_cv_sharedlib_from_linklib_cmd='printf %s\n'
lt_cv_shlibpath_overrides_runpath=no
lt_cv_sys_global_symbol_pipe='sed -n -e '\''s/^.*[	 ]\([ABCDGIRSTW][ABCDGIRSTW]*\)[	 ][	 ]*\([_A-Za-z][_A-Za-z0-9]*\)$/\1 \2 \2/p'\'' | sed '\''/ __gnu_lto/d'\'''
lt_cv_sys_global_symbol_to_c_name_address='sed -n -e '\''s/^: \(.*\) .*$/  {"\1", (void *) 0},/p'\'' -e '\''s/^[ABCDGIRSTW][ABCDGIRSTW]* .* \(.*\)$/  {"\1", (void *) \&\1},/p'\'''
lt_cv_sys_global_symbol_to_c_name_address_lib_prefix='sed -n -e '\''s/^: \(.*\) .*$/  {"\1", (void *) 0},/p'\'' -e '\''s/^[ABCDGIRSTW][ABCDGIRSTW]* .* \(lib.*\)$/  {"\1", (void *) \&\1},/p'\'' -e '\''s/^[ABCDGIRSTW][ABCDGIRSTW]* .* \(.*\)$/  {"lib\1", (void *) \&\1},/p'\'''
lt_cv_sys_global_symbol_to_cdecl='sed -n -e '\''s/^T .* \(.*\)$/extern int \1();/p'\'' -e '\''s/^[ABCDGIRSTW][ABCDGIRSTW]* .* \(.*\)$/extern char \1;/p'\'''
lt_cv_sys_global_symbol_to_import=
lt_cv_sys_max_cmd_len=1572864
lt_cv_to_host_file_cmd=func_convert_file_noop
lt_cv_to_tool_file_cmd=func_convert_file_noop
lt_cv_truncate_bin='/bin/dd bs=4096 count=1'
pkg_cv_CAIRO_CFLAGS='-I/usr/local/include/glib-2.0 -I/usr/local/lib/glib-2.0/include -I/usr/include/cairo -I/usr/include/pixman-1 -I/usr/include/freetype2 -I/usr/include/libpng12  '
pkg_cv_CAIRO_LIBS='-lcairo  '
pkg_cv_FONTCONFIG_CFLAGS='-I/usr/include/freetype2  '
pkg_cv_FONTCONFIG_LIBS='-lfontconfig -lfreetype  '
pkg_cv_FREETYPE_CFLAGS='-I/usr/include/freetype2  '
pkg_cv_FREETYPE_LIBS='-lfreetype  '
pkg_cv_GLIB_CFLAGS='-pthread -I/usr/local/include/glib-2.0 -I/usr/local/lib/glib-2.0/include  '
pkg_cv_GLIB_LIBS='-pthread -L/usr/local/lib -lgobject-2.0 -lgthread-2.0 -lglib-2.0  '
pkg_cv_GTKDOC_DEPS_CFLAGS='-I/usr/local/include/glib-2.0 -I/usr/local/lib/glib-2.0/include  '
pkg_cv_GTKDOC_DEPS_LIBS='-L/usr/local/lib -lgobject-2.0 -lglib-2.0  '
pkg_cv_HARFBUZZ_CFLAGS='-I/usr/include/harfbuzz  '
pkg_cv_HARFBUZZ_LIBS='-lharfbuzz  '
pkg_cv_XFT_CFLAGS='-I/usr/include/freetype2  '
pkg_cv_XFT_LIBS='-lXft -lXrender -lX11  '

## ----------------- ##
## Output variables. ##
## ----------------- ##

ACLOCAL='${SHELL} /home/kazek/Documents/ProgFun/gui/pango-1.38.0/missing aclocal-1.15 '
AMDEPBACKSLASH='\'
AMDEP_FALSE='#'
AMDEP_TRUE=''
AMTAR='$${TAR-tar}'
AM_BACKSLASH='\'
AM_DEFAULT_V='$(AM_DEFAULT_VERBOSITY)'
AM_DEFAULT_VERBOSITY='0'
AM_V='$(V)'
AR='ar'
AS='as'
AUTOCONF='${SHELL} /home/kazek/Documents/ProgFun/gui/pango-1.38.0/missing autoconf'
AUTOHEADER='${SHELL} /home/kazek/Documents/ProgFun/gui/pango-1.38.0/missing autoheader'
AUTOMAKE='${SHELL} /home/kazek/Documents/ProgFun/gui/pango-1.38.0/missing automake-1.15'
AWK='gawk'
BUILDOPT_INSTALL_TESTS_FALSE=''
BUILDOPT_INSTALL_TESTS_TRUE='#'
CAIRO_CFLAGS='-I/usr/local/include/glib-2.0 -I/usr/local/lib/glib-2.0/include -I/usr/include/cairo -I/usr/include/pixman-1 -I/usr/include/freetype2 -I/usr/include/libpng12  '
CAIRO_LIBS='-lcairo  '
CAIRO_PREFIX='/usr'
CC='gcc'
CCDEPMODE='depmode=gcc3'
CFLAGS='-g -O2 -Wall'
CPP='gcc -E'
CPPFLAGS=''
CROSS_COMPILING_FALSE=''
CROSS_COMPILING_TRUE='#'
CXX='c++'
CXXCPP='c++ -E'
CXXDEPMODE='depmode=gcc3'
CXXFLAGS='-g -O2'
CYGPATH_W='echo'
DEFS='-DHAVE_CONFIG_H'
DEPDIR='.deps'
DLLTOOL='dlltool'
DSYMUTIL=''
DUMPBIN=''
ECHO_C=''
ECHO_N='-n'
ECHO_T=''
EGREP='/bin/grep -E'
ENABLE_DOC_CROSS_REFERENCES_FALSE='#'
ENABLE_DOC_CROSS_REFERENCES_TRUE=''
ENABLE_GTK_DOC_FALSE=''
ENABLE_GTK_DOC_TRUE='#'
EXEEXT=''
FGREP='/bin/grep -F'
FONTCONFIG_CFLAGS='-I/usr/include/freetype2  '
FONTCONFIG_LIBS='-lfontconfig -lfreetype  '
FREETYPE_CFLAGS='-I/usr/include/freetype2  '
FREETYPE_LIBS='-lfreetype  '
GLIB_CFLAGS='-pthread -I/usr/local/include/glib-2.0 -I/usr/local/lib/glib-2.0/include  '
GLIB_LIBS='-pthread -L/usr/local/lib -lgobject-2.0 -lgthread-2.0 -lglib-2.0  '
GLIB_MKENUMS='glib-mkenums'
GLIB_PREFIX='/usr/local'
GREP='/bin/grep'
GTKDOC_CHECK='gtkdoc-check.test'
GTKDOC_CHECK_PATH='/usr/bin/gtkdoc-check'
GTKDOC_DEPS_CFLAGS='-I/usr/local/include/glib-2.0 -I/usr/local/lib/glib-2.0/include  '
GTKDOC_DEPS_LIBS='-L/usr/local/lib -lgobject-2.0 -lglib-2.0  '
GTKDOC_MKPDF='/usr/bin/gtkdoc-mkpdf'
GTKDOC_REBASE='/usr/bin/gtkdoc-rebase'
GTK_DOC_BUILD_HTML_FALSE='#'
GTK_DOC_BUILD_HTML_TRUE=''
GTK_DOC_BUILD_PDF_FALSE=''
GTK_DOC_BUILD_PDF_TRUE='#'
GTK_DOC_USE_LIBTOOL_FALSE='#'
GTK_DOC_USE_LIBTOOL_TRUE=''
GTK_DOC_USE_REBASE_FALSE='#'
GTK_DOC_USE_REBASE_TRUE=''
HARFBUZZ_CFLAGS='-I/usr/include/harfbuzz  '
HARFBUZZ_LIBS='-lharfbuzz  '
HAVE_CAIRO_FALSE='#'
HAVE_CAIRO_FREETYPE_FALSE='#'
HAVE_CAIRO_FREETYPE_TRUE=''
HAVE_CAIRO_PDF_FALSE='#'
HAVE_CAIRO_PDF_TRUE=''
HAVE_CAIRO_PNG_FALSE='#'
HAVE_CAIRO_PNG_TRUE=''
HAVE_CAIRO_PS_FALSE='#'
HAVE_CAIRO_PS_TRUE=''
HAVE_CAIRO_QUARTZ_FALSE=''
HAVE_CAIRO_QUARTZ_TRUE='#'
HAVE_CAIRO_TRUE=''
HAVE_CAIRO_WIN32_FALSE=''
HAVE_CAIRO_WIN32_TRUE='#'
HAVE_CAIRO_XLIB_FALSE='#'
HAVE_CAIRO_XLIB_TRUE=''
HAVE_CORE_TEXT_FALSE=''
HAVE_CORE_TEXT_TRUE='#'
HAVE_CXX_FALSE='#'
HAVE_CXX_TRUE=''
HAVE_FREETYPE_FALSE='#'
HAVE_FREETYPE_TRUE=''
HAVE_GTK_DOC_FALSE='#'
HAVE_GTK_DOC_TRUE=''
HAVE_HARFBUZZ_FALSE='#'
HAVE_HARFBUZZ_TRUE=''
HAVE_INTROSPECTION_FALSE='#'
HAVE_INTROSPECTION_TRUE=''
HAVE_WIN32_FALSE=''
HAVE_WIN32_TRUE='#'
HAVE_XFT_FALSE='#'
HAVE_XFT_TRUE=''
HTML_DIR='${datadir}/gtk-doc/html'
INSTALL_DATA='${INSTALL} -m 644'
INSTALL_PROGRAM='${INSTALL}'
INSTALL_SCRIPT='${INSTALL}'
INSTALL_STRIP_PROGRAM='$(install_sh) -c -s'
INTROSPECTION_CFLAGS='-pthread -I/usr/local/include/gobject-introspection-1.0 -I/usr/local/include/glib-2.0 -I/usr/local/lib/glib-2.0/include  '
INTROSPECTION_COMPILER='/usr/local/bin/g-ir-compiler'
INTROSPECTION_GENERATE='/usr/local/bin/g-ir-generate'
INTROSPECTION_GIRDIR='/usr/local/share/gir-1.0'
INTROSPECTION_LIBS='-L/usr/local/lib -lgirepository-1.0 -lgobject-2.0 -lglib-2.0  '
INTROSPECTION_MAKEFILE='/usr/local/share/gobject-introspection-1.0/Makefile.introspection'
INTROSPECTION_SCANNER='/usr/local/bin/g-ir-scanner'
INTROSPECTION_TYPELIBDIR='/usr/local/lib/girepository-1.0'
LD='/usr/bin/ld -m elf_x86_64'
LDFLAGS=''
LIBOBJS=''
LIBRARY_LIBTOOL_OPTIONS='-version-info 3800:0:3800 -export-symbols-regex "^pango_.*" -Wl,-Bsymbolic-functions'
LIBS=''
LIBTHAI_CFLAGS=''
LIBTHAI_LIBS=''
LIBTOOL='$(SHELL) $(top_builddir)/libtool'
LIB_EXE_MACHINE_FLAG=''
LIPO=''
LN_S='ln -s'
LTLIBOBJS=''
LT_SYS_LIBRARY_PATH=''
MAKEINFO='${SHELL} /home/kazek/Documents/ProgFun/gui/pango-1.38.0/missing makeinfo'
MANIFEST_TOOL=':'
MKDIR_P='/bin/mkdir -p'
MS_LIB_AVAILABLE_FALSE=''
MS_LIB_AVAILABLE_TRUE='#'
NM='/usr/bin/nm -B'
NMEDIT=''
OBJDUMP='objdump'
OBJEXT='o'
OS_WIN32_FALSE=''
OS_WIN32_TRUE='#'
OTOOL64=''
OTOOL=''
PACKAGE='pango'
PACKAGE_BUGREPORT='http://bugzilla.gnome.org/enter_bug.cgi?product=pango'
PACKAGE_NAME='pango'
PACKAGE_STRING='pango 1.38.0'
PACKAGE_TARNAME='pango'
PACKAGE_URL=''
PACKAGE_VERSION='1.38.0'
PANGO_API_VERSION='1.0'
PANGO_BINARY_AGE='3800'
PANGO_CURRENT_MINUS_AGE='0'
PANGO_DEBUG_FLAGS='-DG_DISABLE_CAST_CHECKS'
PANGO_INTERFACE_AGE='0'
PANGO_VERSION='1.38.0'
PANGO_VERSION_MAJOR='1'
PANGO_VERSION_MICRO='0'
PANGO_VERSION_MINOR='38'
PATH_SEPARATOR=':'
PKGCONFIG_CAIRO_REQUIRES=' pangoft2'
PKG_CONFIG='/usr/bin/pkg-config'
PKG_CONFIG_LIBDIR=''
PKG_CONFIG_PATH=''
PLATFORM_WIN32_FALSE=''
PLATFORM_WIN32_TRUE='#'
RANLIB='ranlib'
SED='/bin/sed'
SET_MAKE=''
SHELL='/bin/bash'
STRIP='strip'
VERSION='1.38.0'
WINDRES=''
XFT_CFLAGS='-I/usr/include/freetype2  '
XFT_LIBS='-lXft -lXrender -lX11  '
ac_ct_AR='ar'
ac_ct_CC='gcc'
ac_ct_CXX='c++'
ac_ct_DUMPBIN=''
am__EXEEXT_FALSE=''
am__EXEEXT_TRUE='#'
am__fastdepCC_FALSE='#'
am__fastdepCC_TRUE=''
am__fastdepCXX_FALSE='#'
am__fastdepCXX_TRUE=''
am__include='include'
am__isrc=''
am__leading_dot='.'
am__nodep='_no'
am__quote=''
am__tar='$${TAR-tar} chof - "$$tardir"'
am__untar='$${TAR-tar} xf -'
bindir='${exec_prefix}/bin'
build='x86_64-unknown-linux-gnu'
build_alias=''
build_cpu='x86_64'
build_os='linux-gnu'
build_vendor='unknown'
datadir='${datarootdir}'
datarootdir='${prefix}/share'
docdir='${datarootdir}/doc/${PACKAGE_TARNAME}'
dvidir='${docdir}'
exec_prefix='${prefix}'
host='x86_64-unknown-linux-gnu'
host_alias=''
host_cpu='x86_64'
host_os='linux-gnu'
host_vendor='unknown'
htmldir='${docdir}'
includedir='${prefix}/include'
infodir='${datarootdir}/info'
install_sh='${SHELL} /home/kazek/Documents/ProgFun/gui/pango-1.38.0/install-sh'
libdir='${exec_prefix}/lib'
libexecdir='${exec_prefix}/libexec'
localedir='${datarootdir}/locale'
localstatedir='${prefix}/var'
mandir='${datarootdir}/man'
mkdir_p='$(MKDIR_P)'
ms_librarian=''
oldincludedir='/usr/include'
pdfdir='${docdir}'
prefix='/usr/local'
program_transform_name='s,x,x,'
psdir='${docdir}'
sbindir='${exec_prefix}/sbin'
sharedstatedir='${prefix}/com'
sysconfdir='${prefix}/etc'
target_alias=''

## ----------- ##
## confdefs.h. ##
## ----------- ##

/* confdefs.h */
#define PACKAGE_NAME "pango"
#define PACKAGE_TARNAME "pango"
#define PACKAGE_VERSION "1.38.0"
#define PACKAGE_STRING "pango 1.38.0"
#define PACKAGE_BUGREPORT "http://bugzilla.gnome.org/enter_bug.cgi?product=pango"
#define PACKAGE_URL ""
#define PACKAGE "pango"
#define VERSION "1.38.0"
#define PANGO_BINARY_AGE 3800
#define PANGO_INTERFACE_AGE 0
#define PANGO_VERSION_MAJOR 1
#define PANGO_VERSION_MINOR 38
#define PANGO_VERSION_MICRO 0
#define HAVE_SYSCONF 1
#define HAVE_GETPAGESIZE 1
#define STDC_HEADERS 1
#define HAVE_SYS_TYPES_H 1
#define HAVE_SYS_STAT_H 1
#define HAVE_STDLIB_H 1
#define HAVE_STRING_H 1
#define HAVE_MEMORY_H 1
#define HAVE_STRINGS_H 1
#define HAVE_INTTYPES_H 1
#define HAVE_STDINT_H 1
#define HAVE_UNISTD_H 1
#define HAVE_UNISTD_H 1
#define HAVE_SYS_MMAN_H 1
#define HAVE_DLFCN_H 1
#define LT_OBJDIR ".libs/"
#define HAVE_FREETYPE 1
#define HAVE_XFT 1
#define HAVE_CAIRO_FREETYPE 1
#define HAVE_CAIRO 1
#define HAVE_CAIRO_PNG 1
#define HAVE_CAIRO_PS 1
#define HAVE_CAIRO_PDF 1
#define HAVE_CAIRO_XLIB 1
#define HAVE_FLOCKFILE 1
#define HAVE_STRTOK_R 1
#define HAVE_DIRENT_H 1
#define HAVE_UNISTD_H 1

configure: exit 0
