This file contains any messages produced by compilers while
running configure, to aid debugging if configure makes a mistake.

It was created by gdk-pixbuf configure 2.32.0, which was
generated by GNU Autoconf 2.69.  Invocation command line was

  $ ./configure 

## --------- ##
## Platform. ##
## --------- ##

hostname = KDZL
uname -m = x86_64
uname -r = 3.19.0-43-generic
uname -s = Linux
uname -v = #49~14.04.1-Ubuntu SMP Thu Dec 31 15:44:49 UTC 2015

/usr/bin/uname -p = unknown
/bin/uname -X     = unknown

/bin/arch              = unknown
/usr/bin/arch -k       = unknown
/usr/convex/getsysinfo = unknown
/usr/bin/hostinfo      = unknown
/bin/machine           = unknown
/usr/bin/oslevel       = unknown
/bin/universe          = unknown

PATH: /home/kazek/anaconda3/envs/p2.7/bin
PATH: /usr/local/sbin
PATH: /usr/local/bin
PATH: /usr/sbin
PATH: /usr/bin
PATH: /sbin
PATH: /bin
PATH: /usr/games
PATH: /usr/local/games


## ----------- ##
## Core tests. ##
## ----------- ##

configure:2557: checking for a BSD-compatible install
configure:2625: result: /usr/bin/install -c
configure:2636: checking whether build environment is sane
configure:2691: result: yes
configure:2842: checking for a thread-safe mkdir -p
configure:2881: result: /bin/mkdir -p
configure:2888: checking for gawk
configure:2904: found /usr/bin/gawk
configure:2915: result: gawk
configure:2926: checking whether make sets $(MAKE)
configure:2948: result: yes
configure:2977: checking whether make supports nested variables
configure:2994: result: yes
configure:3074: checking whether UID '1000' is supported by ustar format
configure:3077: result: yes
configure:3084: checking whether GID '1000' is supported by ustar format
configure:3087: result: yes
configure:3095: checking how to create a ustar tar archive
configure:3106: tar --version
tar (GNU tar) 1.27.1
Copyright (C) 2013 Free Software Foundation, Inc.
License GPLv3+: GNU GPL version 3 or later <http://gnu.org/licenses/gpl.html>.
This is free software: you are free to change and redistribute it.
There is NO WARRANTY, to the extent permitted by law.

Written by John Gilmore and Jay Fenlason.
configure:3109: $? = 0
configure:3149: tardir=conftest.dir && eval tar --format=ustar -chf - "$tardir" >conftest.tar
configure:3152: $? = 0
configure:3156: tar -xf - <conftest.tar
configure:3159: $? = 0
configure:3161: cat conftest.dir/file
GrepMe
configure:3164: $? = 0
configure:3177: result: gnutar
configure:3228: checking whether to enable maintainer-specific portions of Makefiles
configure:3237: result: yes
configure:3265: checking whether make supports nested variables
configure:3282: result: yes
configure:3381: checking for gcc
configure:3397: found /usr/bin/gcc
configure:3408: result: gcc
configure:3637: checking for C compiler version
configure:3646: gcc --version >&5
gcc (Ubuntu 4.8.4-2ubuntu1~14.04) 4.8.4
Copyright (C) 2013 Free Software Foundation, Inc.
This is free software; see the source for copying conditions.  There is NO
warranty; not even for MERCHANTABILITY or FITNESS FOR A PARTICULAR PURPOSE.

configure:3657: $? = 0
configure:3646: gcc -v >&5
Using built-in specs.
COLLECT_GCC=gcc
COLLECT_LTO_WRAPPER=/usr/lib/gcc/x86_64-linux-gnu/4.8/lto-wrapper
Target: x86_64-linux-gnu
Configured with: ../src/configure -v --with-pkgversion='Ubuntu 4.8.4-2ubuntu1~14.04' --with-bugurl=file:///usr/share/doc/gcc-4.8/README.Bugs --enable-languages=c,c++,java,go,d,fortran,objc,obj-c++ --prefix=/usr --program-suffix=-4.8 --enable-shared --enable-linker-build-id --libexecdir=/usr/lib --without-included-gettext --enable-threads=posix --with-gxx-include-dir=/usr/include/c++/4.8 --libdir=/usr/lib --enable-nls --with-sysroot=/ --enable-clocale=gnu --enable-libstdcxx-debug --enable-libstdcxx-time=yes --enable-gnu-unique-object --disable-libmudflap --enable-plugin --with-system-zlib --disable-browser-plugin --enable-java-awt=gtk --enable-gtk-cairo --with-java-home=/usr/lib/jvm/java-1.5.0-gcj-4.8-amd64/jre --enable-java-home --with-jvm-root-dir=/usr/lib/jvm/java-1.5.0-gcj-4.8-amd64 --with-jvm-jar-dir=/usr/lib/jvm-exports/java-1.5.0-gcj-4.8-amd64 --with-arch-directory=amd64 --with-ecj-jar=/usr/share/java/eclipse-ecj.jar --enable-objc-gc --enable-multiarch --disable-werror --with-arch-32=i686 --with-abi=m64 --with-multilib-list=m32,m64,mx32 --with-tune=generic --enable-checking=release --build=x86_64-linux-gnu --host=x86_64-linux-gnu --target=x86_64-linux-gnu
Thread model: posix
gcc version 4.8.4 (Ubuntu 4.8.4-2ubuntu1~14.04) 
configure:3657: $? = 0
configure:3646: gcc -V >&5
gcc: error: unrecognized command line option '-V'
gcc: fatal error: no input files
compilation terminated.
configure:3657: $? = 4
configure:3646: gcc -qversion >&5
gcc: error: unrecognized command line option '-qversion'
gcc: fatal error: no input files
compilation terminated.
configure:3657: $? = 4
configure:3677: checking whether the C compiler works
configure:3699: gcc    conftest.c  >&5
configure:3703: $? = 0
configure:3751: result: yes
configure:3754: checking for C compiler default output file name
configure:3756: result: a.out
configure:3762: checking for suffix of executables
configure:3769: gcc -o conftest    conftest.c  >&5
configure:3773: $? = 0
configure:3795: result: 
configure:3817: checking whether we are cross compiling
configure:3825: gcc -o conftest    conftest.c  >&5
configure:3829: $? = 0
configure:3836: ./conftest
configure:3840: $? = 0
configure:3855: result: no
configure:3860: checking for suffix of object files
configure:3882: gcc -c   conftest.c >&5
configure:3886: $? = 0
configure:3907: result: o
configure:3911: checking whether we are using the GNU C compiler
configure:3930: gcc -c   conftest.c >&5
configure:3930: $? = 0
configure:3939: result: yes
configure:3948: checking whether gcc accepts -g
configure:3968: gcc -c -g  conftest.c >&5
configure:3968: $? = 0
configure:4009: result: yes
configure:4026: checking for gcc option to accept ISO C89
configure:4089: gcc  -c -g -O2  conftest.c >&5
configure:4089: $? = 0
configure:4102: result: none needed
configure:4127: checking whether gcc understands -c and -o together
configure:4149: gcc -c conftest.c -o conftest2.o
configure:4152: $? = 0
configure:4149: gcc -c conftest.c -o conftest2.o
configure:4152: $? = 0
configure:4164: result: yes
configure:4192: checking for style of include used by make
configure:4220: result: GNU
configure:4246: checking dependency style of gcc
configure:4357: result: gcc3
configure:4373: checking whether gcc and cc understand -c and -o together
configure:4404: gcc -c conftest.c -o conftest2.o >&5
configure:4408: $? = 0
configure:4414: gcc -c conftest.c -o conftest2.o >&5
configure:4418: $? = 0
configure:4429: cc -c conftest.c >&5
configure:4433: $? = 0
configure:4441: cc -c conftest.c -o conftest2.o >&5
configure:4445: $? = 0
configure:4451: cc -c conftest.c -o conftest2.o >&5
configure:4455: $? = 0
configure:4473: result: yes
configure:4487: checking for gcc option to accept ISO C99
configure:4636: gcc  -c -g -O2  conftest.c >&5
conftest.c:59:29: error: expected ';', ',' or ')' before 'text'
 test_restrict (ccp restrict text)
                             ^
conftest.c: In function 'main':
conftest.c:113:18: error: expected '=', ',', ';', 'asm' or '__attribute__' before 'newvar'
   char *restrict newvar = "Another string";
                  ^
conftest.c:113:18: error: 'newvar' undeclared (first use in this function)
conftest.c:113:18: note: each undeclared identifier is reported only once for each function it appears in
conftest.c:123:3: error: 'for' loop initial declarations are only allowed in C99 mode
   for (int i = 0; i < ia->datasize; ++i)
   ^
conftest.c:123:3: note: use option -std=c99 or -std=gnu99 to compile your code
configure:4636: $? = 1
configure: failed program was:
| /* confdefs.h */
| #define PACKAGE_NAME "gdk-pixbuf"
| #define PACKAGE_TARNAME "gdk-pixbuf"
| #define PACKAGE_VERSION "2.32.0"
| #define PACKAGE_STRING "gdk-pixbuf 2.32.0"
| #define PACKAGE_BUGREPORT "http://bugzilla.gnome.org/enter_bug.cgi?product=gdk-pixbuf"
| #define PACKAGE_URL ""
| /* end confdefs.h.  */
| #include <stdarg.h>
| #include <stdbool.h>
| #include <stdlib.h>
| #include <wchar.h>
| #include <stdio.h>
| 
| // Check varargs macros.  These examples are taken from C99 6.10.3.5.
| #define debug(...) fprintf (stderr, __VA_ARGS__)
| #define showlist(...) puts (#__VA_ARGS__)
| #define report(test,...) ((test) ? puts (#test) : printf (__VA_ARGS__))
| static void
| test_varargs_macros (void)
| {
|   int x = 1234;
|   int y = 5678;
|   debug ("Flag");
|   debug ("X = %d\n", x);
|   showlist (The first, second, and third items.);
|   report (x>y, "x is %d but y is %d", x, y);
| }
| 
| // Check long long types.
| #define BIG64 18446744073709551615ull
| #define BIG32 4294967295ul
| #define BIG_OK (BIG64 / BIG32 == 4294967297ull && BIG64 % BIG32 == 0)
| #if !BIG_OK
|   your preprocessor is broken;
| #endif
| #if BIG_OK
| #else
|   your preprocessor is broken;
| #endif
| static long long int bignum = -9223372036854775807LL;
| static unsigned long long int ubignum = BIG64;
| 
| struct incomplete_array
| {
|   int datasize;
|   double data[];
| };
| 
| struct named_init {
|   int number;
|   const wchar_t *name;
|   double average;
| };
| 
| typedef const char *ccp;
| 
| static inline int
| test_restrict (ccp restrict text)
| {
|   // See if C++-style comments work.
|   // Iterate through items via the restricted pointer.
|   // Also check for declarations in for loops.
|   for (unsigned int i = 0; *(text+i) != '\0'; ++i)
|     continue;
|   return 0;
| }
| 
| // Check varargs and va_copy.
| static void
| test_varargs (const char *format, ...)
| {
|   va_list args;
|   va_start (args, format);
|   va_list args_copy;
|   va_copy (args_copy, args);
| 
|   const char *str;
|   int number;
|   float fnumber;
| 
|   while (*format)
|     {
|       switch (*format++)
| 	{
| 	case 's': // string
| 	  str = va_arg (args_copy, const char *);
| 	  break;
| 	case 'd': // int
| 	  number = va_arg (args_copy, int);
| 	  break;
| 	case 'f': // float
| 	  fnumber = va_arg (args_copy, double);
| 	  break;
| 	default:
| 	  break;
| 	}
|     }
|   va_end (args_copy);
|   va_end (args);
| }
| 
| int
| main ()
| {
| 
|   // Check bool.
|   _Bool success = false;
| 
|   // Check restrict.
|   if (test_restrict ("String literal") == 0)
|     success = true;
|   char *restrict newvar = "Another string";
| 
|   // Check varargs.
|   test_varargs ("s, d' f .", "string", 65, 34.234);
|   test_varargs_macros ();
| 
|   // Check flexible array members.
|   struct incomplete_array *ia =
|     malloc (sizeof (struct incomplete_array) + (sizeof (double) * 10));
|   ia->datasize = 10;
|   for (int i = 0; i < ia->datasize; ++i)
|     ia->data[i] = i * 1.234;
| 
|   // Check named initializers.
|   struct named_init ni = {
|     .number = 34,
|     .name = L"Test wide string",
|     .average = 543.34343,
|   };
| 
|   ni.number = 58;
| 
|   int dynamic_array[ni.number];
|   dynamic_array[ni.number - 1] = 543;
| 
|   // work around unused variable warnings
|   return (!success || bignum == 0LL || ubignum == 0uLL || newvar[0] == 'x'
| 	  || dynamic_array[ni.number - 1] != 543);
| 
|   ;
|   return 0;
| }
configure:4636: gcc -std=gnu99 -c -g -O2  conftest.c >&5
configure:4636: $? = 0
configure:4656: result: -std=gnu99
configure:4757: checking for gcc -std=gnu99 option to accept ISO Standard C
configure:4771: result: -std=gnu99
configure:4776: checking whether make sets $(MAKE)
configure:4798: result: yes
configure:4811: checking for gawk
configure:4838: result: gawk
configure:4903: checking for pkg-config
configure:4921: found /usr/bin/pkg-config
configure:4933: result: /usr/bin/pkg-config
configure:4958: checking pkg-config is at least version 0.9.0
configure:4961: result: yes
configure:4974: checking build system type
configure:4988: result: x86_64-unknown-linux-gnu
configure:5008: checking host system type
configure:5021: result: x86_64-unknown-linux-gnu
configure:5051: checking for native Win32
configure:5071: result: no
configure:5151: checking how to print strings
configure:5178: result: printf
configure:5199: checking for a sed that does not truncate output
configure:5263: result: /bin/sed
configure:5281: checking for grep that handles long lines and -e
configure:5339: result: /bin/grep
configure:5344: checking for egrep
configure:5406: result: /bin/grep -E
configure:5411: checking for fgrep
configure:5473: result: /bin/grep -F
configure:5508: checking for ld used by gcc -std=gnu99
configure:5575: result: /usr/bin/ld
configure:5582: checking if the linker (/usr/bin/ld) is GNU ld
configure:5597: result: yes
configure:5609: checking for BSD- or MS-compatible name lister (nm)
configure:5663: result: /usr/bin/nm -B
configure:5793: checking the name lister (/usr/bin/nm -B) interface
configure:5800: gcc -std=gnu99 -c -g -O2  conftest.c >&5
configure:5803: /usr/bin/nm -B "conftest.o"
configure:5806: output
0000000000000000 B some_variable
configure:5813: result: BSD nm
configure:5816: checking whether ln -s works
configure:5820: result: yes
configure:5828: checking the maximum length of command line arguments
configure:5959: result: 1572864
configure:6007: checking how to convert x86_64-unknown-linux-gnu file names to x86_64-unknown-linux-gnu format
configure:6047: result: func_convert_file_noop
configure:6054: checking how to convert x86_64-unknown-linux-gnu file names to toolchain format
configure:6074: result: func_convert_file_noop
configure:6081: checking for /usr/bin/ld option to reload object files
configure:6088: result: -r
configure:6162: checking for objdump
configure:6178: found /usr/bin/objdump
configure:6189: result: objdump
configure:6218: checking how to recognize dependent libraries
configure:6418: result: pass_all
configure:6503: checking for dlltool
configure:6533: result: no
configure:6560: checking how to associate runtime and link libraries
configure:6587: result: printf %s\n
configure:6648: checking for ar
configure:6664: found /usr/bin/ar
configure:6675: result: ar
configure:6712: checking for archiver @FILE support
configure:6729: gcc -std=gnu99 -c -g -O2  conftest.c >&5
configure:6729: $? = 0
configure:6732: ar cru libconftest.a @conftest.lst >&5
configure:6735: $? = 0
configure:6740: ar cru libconftest.a @conftest.lst >&5
ar: conftest.o: No such file or directory
configure:6743: $? = 1
configure:6755: result: @
configure:6813: checking for strip
configure:6829: found /usr/bin/strip
configure:6840: result: strip
configure:6912: checking for ranlib
configure:6928: found /usr/bin/ranlib
configure:6939: result: ranlib
configure:7041: checking command to parse /usr/bin/nm -B output from gcc -std=gnu99 object
configure:7194: gcc -std=gnu99 -c -g -O2  conftest.c >&5
configure:7197: $? = 0
configure:7201: /usr/bin/nm -B conftest.o \| sed -n -e 's/^.*[ ]\([ABCDGIRSTW][ABCDGIRSTW]*\)[ ][ ]*\([_A-Za-z][_A-Za-z0-9]*\)$/\1 \2 \2/p' | sed '/ __gnu_lto/d' \> conftest.nm
configure:7204: $? = 0
configure:7270: gcc -std=gnu99 -o conftest -g -O2   conftest.c conftstm.o >&5
configure:7273: $? = 0
configure:7311: result: ok
configure:7358: checking for sysroot
configure:7388: result: no
configure:7395: checking for a working dd
configure:7433: result: /bin/dd
configure:7437: checking how to truncate binary pipes
configure:7452: result: /bin/dd bs=4096 count=1
configure:7588: gcc -std=gnu99 -c -g -O2  conftest.c >&5
configure:7591: $? = 0
configure:7781: checking for mt
configure:7797: found /bin/mt
configure:7808: result: mt
configure:7831: checking if mt is a manifest tool
configure:7837: mt '-?'
configure:7845: result: no
configure:8522: checking how to run the C preprocessor
configure:8553: gcc -std=gnu99 -E  conftest.c
configure:8553: $? = 0
configure:8567: gcc -std=gnu99 -E  conftest.c
conftest.c:10:28: fatal error: ac_nonexistent.h: No such file or directory
 #include <ac_nonexistent.h>
                            ^
compilation terminated.
configure:8567: $? = 1
configure: failed program was:
| /* confdefs.h */
| #define PACKAGE_NAME "gdk-pixbuf"
| #define PACKAGE_TARNAME "gdk-pixbuf"
| #define PACKAGE_VERSION "2.32.0"
| #define PACKAGE_STRING "gdk-pixbuf 2.32.0"
| #define PACKAGE_BUGREPORT "http://bugzilla.gnome.org/enter_bug.cgi?product=gdk-pixbuf"
| #define PACKAGE_URL ""
| #define OS_LINUX 1
| /* end confdefs.h.  */
| #include <ac_nonexistent.h>
configure:8592: result: gcc -std=gnu99 -E
configure:8612: gcc -std=gnu99 -E  conftest.c
configure:8612: $? = 0
configure:8626: gcc -std=gnu99 -E  conftest.c
conftest.c:10:28: fatal error: ac_nonexistent.h: No such file or directory
 #include <ac_nonexistent.h>
                            ^
compilation terminated.
configure:8626: $? = 1
configure: failed program was:
| /* confdefs.h */
| #define PACKAGE_NAME "gdk-pixbuf"
| #define PACKAGE_TARNAME "gdk-pixbuf"
| #define PACKAGE_VERSION "2.32.0"
| #define PACKAGE_STRING "gdk-pixbuf 2.32.0"
| #define PACKAGE_BUGREPORT "http://bugzilla.gnome.org/enter_bug.cgi?product=gdk-pixbuf"
| #define PACKAGE_URL ""
| #define OS_LINUX 1
| /* end confdefs.h.  */
| #include <ac_nonexistent.h>
configure:8655: checking for ANSI C header files
configure:8675: gcc -std=gnu99 -c -g -O2  conftest.c >&5
configure:8675: $? = 0
configure:8748: gcc -std=gnu99 -o conftest -g -O2   conftest.c  >&5
configure:8748: $? = 0
configure:8748: ./conftest
configure:8748: $? = 0
configure:8759: result: yes
configure:8772: checking for sys/types.h
configure:8772: gcc -std=gnu99 -c -g -O2  conftest.c >&5
configure:8772: $? = 0
configure:8772: result: yes
configure:8772: checking for sys/stat.h
configure:8772: gcc -std=gnu99 -c -g -O2  conftest.c >&5
configure:8772: $? = 0
configure:8772: result: yes
configure:8772: checking for stdlib.h
configure:8772: gcc -std=gnu99 -c -g -O2  conftest.c >&5
configure:8772: $? = 0
configure:8772: result: yes
configure:8772: checking for string.h
configure:8772: gcc -std=gnu99 -c -g -O2  conftest.c >&5
configure:8772: $? = 0
configure:8772: result: yes
configure:8772: checking for memory.h
configure:8772: gcc -std=gnu99 -c -g -O2  conftest.c >&5
configure:8772: $? = 0
configure:8772: result: yes
configure:8772: checking for strings.h
configure:8772: gcc -std=gnu99 -c -g -O2  conftest.c >&5
configure:8772: $? = 0
configure:8772: result: yes
configure:8772: checking for inttypes.h
configure:8772: gcc -std=gnu99 -c -g -O2  conftest.c >&5
configure:8772: $? = 0
configure:8772: result: yes
configure:8772: checking for stdint.h
configure:8772: gcc -std=gnu99 -c -g -O2  conftest.c >&5
configure:8772: $? = 0
configure:8772: result: yes
configure:8772: checking for unistd.h
configure:8772: gcc -std=gnu99 -c -g -O2  conftest.c >&5
configure:8772: $? = 0
configure:8772: result: yes
configure:8786: checking for dlfcn.h
configure:8786: gcc -std=gnu99 -c -g -O2  conftest.c >&5
configure:8786: $? = 0
configure:8786: result: yes
configure:9339: checking for objdir
configure:9354: result: .libs
configure:9618: checking if gcc -std=gnu99 supports -fno-rtti -fno-exceptions
configure:9636: gcc -std=gnu99 -c -g -O2  -fno-rtti -fno-exceptions conftest.c >&5
cc1: warning: command line option '-fno-rtti' is valid for C++/ObjC++ but not for C [enabled by default]
configure:9640: $? = 0
configure:9653: result: no
configure:10011: checking for gcc -std=gnu99 option to produce PIC
configure:10018: result: -fPIC -DPIC
configure:10026: checking if gcc -std=gnu99 PIC flag -fPIC -DPIC works
configure:10044: gcc -std=gnu99 -c -g -O2  -fPIC -DPIC -DPIC conftest.c >&5
configure:10048: $? = 0
configure:10061: result: yes
configure:10090: checking if gcc -std=gnu99 static flag -static works
configure:10118: result: yes
configure:10133: checking if gcc -std=gnu99 supports -c -o file.o
configure:10154: gcc -std=gnu99 -c -g -O2  -o out/conftest2.o conftest.c >&5
configure:10158: $? = 0
configure:10180: result: yes
configure:10188: checking if gcc -std=gnu99 supports -c -o file.o
configure:10235: result: yes
configure:10268: checking whether the gcc -std=gnu99 linker (/usr/bin/ld -m elf_x86_64) supports shared libraries
configure:11527: result: yes
configure:11564: checking whether -lc should be explicitly linked in
configure:11572: gcc -std=gnu99 -c -g -O2  conftest.c >&5
configure:11575: $? = 0
configure:11590: gcc -std=gnu99 -shared  -fPIC -DPIC conftest.o  -v -Wl,-soname -Wl,conftest -o conftest 2\>\&1 \| /bin/grep  -lc  \>/dev/null 2\>\&1
configure:11593: $? = 0
configure:11607: result: no
configure:11767: checking dynamic linker characteristics
configure:12348: gcc -std=gnu99 -o conftest -g -O2   -Wl,-rpath -Wl,/foo conftest.c  >&5
configure:12348: $? = 0
configure:12588: result: GNU/Linux ld.so
configure:12710: checking how to hardcode library paths into programs
configure:12735: result: immediate
configure:13283: checking whether stripping libraries is possible
configure:13288: result: yes
configure:13323: checking if libtool supports shared libraries
configure:13325: result: yes
configure:13328: checking whether to build shared libraries
configure:13353: result: yes
configure:13356: checking whether to build static libraries
configure:13360: result: no
configure:13399: creating ./config.lt

## ------------------ ##
## Running config.lt. ##
## ------------------ ##
config.lt:628: creating libtool
configure:14699: checking for special C compiler options needed for large files
configure:14744: result: no
configure:14750: checking for _FILE_OFFSET_BITS value needed for large files
configure:14775: gcc -std=gnu99 -c -g -O2  conftest.c >&5
configure:14775: $? = 0
configure:14807: result: no
configure:14902: checking dependency style of gcc -std=gnu99
configure:15011: result: gcc3
configure:15127: checking for some Win32 platform
configure:15136: result: no
configure:15349: checking whether build environment is sane
configure:15404: result: yes
configure:15485: checking for BASE_DEPENDENCIES
configure:15492: $PKG_CONFIG --exists --print-errors "glib-2.0 >= 2.37.6"
configure:15495: $? = 0
configure:15509: $PKG_CONFIG --exists --print-errors "glib-2.0 >= 2.37.6"
configure:15512: $? = 0
configure:15570: result: yes
configure:15594: checking Whether to write dependencies into .pc files
configure:15611: result: no
configure:15630: checking for perl5
configure:15663: result: no
configure:15630: checking for perl
configure:15648: found /usr/bin/perl
configure:15660: result: /usr/bin/perl
configure:15681: checking for sigsetjmp
configure:15697: gcc -std=gnu99 -o conftest -g -O2 -Wall  -DG_DISABLE_SINGLE_INCLUDES  conftest.c  >&5
configure:15697: $? = 0
configure:15704: result: yes
configure:15715: checking whether NLS is requested
configure:15724: result: yes
configure:15764: checking for msgfmt
configure: trying /usr/bin/msgfmt...
0 translated messages.
configure:15796: result: /usr/bin/msgfmt
configure:15805: checking for gmsgfmt
configure:15836: result: /usr/bin/msgfmt
configure:15886: checking for xgettext
configure: trying /usr/bin/xgettext...
/usr/bin/xgettext: warning: file '/dev/null' extension '' is unknown; will try C
configure:15918: result: /usr/bin/xgettext
configure:15963: checking for msgmerge
configure: trying /usr/bin/msgmerge...
configure:15994: result: /usr/bin/msgmerge
configure:16052: checking for ld used by gcc -std=gnu99
configure:16119: result: /usr/bin/ld -m elf_x86_64
configure:16126: checking if the linker (/usr/bin/ld -m elf_x86_64) is GNU ld
configure:16141: result: yes
configure:16148: checking for shared library run path origin
configure:16161: result: done
configure:16733: checking for CFPreferencesCopyAppValue
configure:16751: gcc -std=gnu99 -o conftest -g -O2 -Wall  -DG_DISABLE_SINGLE_INCLUDES  conftest.c  -Wl,-framework -Wl,CoreFoundation >&5
conftest.c:23:42: fatal error: CoreFoundation/CFPreferences.h: No such file or directory
 #include <CoreFoundation/CFPreferences.h>
                                          ^
compilation terminated.
configure:16751: $? = 1
configure: failed program was:
| /* confdefs.h */
| #define PACKAGE_NAME "gdk-pixbuf"
| #define PACKAGE_TARNAME "gdk-pixbuf"
| #define PACKAGE_VERSION "2.32.0"
| #define PACKAGE_STRING "gdk-pixbuf 2.32.0"
| #define PACKAGE_BUGREPORT "http://bugzilla.gnome.org/enter_bug.cgi?product=gdk-pixbuf"
| #define PACKAGE_URL ""
| #define OS_LINUX 1
| #define STDC_HEADERS 1
| #define HAVE_SYS_TYPES_H 1
| #define HAVE_SYS_STAT_H 1
| #define HAVE_STDLIB_H 1
| #define HAVE_STRING_H 1
| #define HAVE_MEMORY_H 1
| #define HAVE_STRINGS_H 1
| #define HAVE_INTTYPES_H 1
| #define HAVE_STDINT_H 1
| #define HAVE_UNISTD_H 1
| #define HAVE_DLFCN_H 1
| #define LT_OBJDIR ".libs/"
| #define HAVE_SIGSETJMP 1
| /* end confdefs.h.  */
| #include <CoreFoundation/CFPreferences.h>
| int
| main ()
| {
| CFPreferencesCopyAppValue(NULL, NULL)
|   ;
|   return 0;
| }
configure:16760: result: no
configure:16767: checking for CFLocaleCopyCurrent
configure:16785: gcc -std=gnu99 -o conftest -g -O2 -Wall  -DG_DISABLE_SINGLE_INCLUDES  conftest.c  -Wl,-framework -Wl,CoreFoundation >&5
conftest.c:23:37: fatal error: CoreFoundation/CFLocale.h: No such file or directory
 #include <CoreFoundation/CFLocale.h>
                                     ^
compilation terminated.
configure:16785: $? = 1
configure: failed program was:
| /* confdefs.h */
| #define PACKAGE_NAME "gdk-pixbuf"
| #define PACKAGE_TARNAME "gdk-pixbuf"
| #define PACKAGE_VERSION "2.32.0"
| #define PACKAGE_STRING "gdk-pixbuf 2.32.0"
| #define PACKAGE_BUGREPORT "http://bugzilla.gnome.org/enter_bug.cgi?product=gdk-pixbuf"
| #define PACKAGE_URL ""
| #define OS_LINUX 1
| #define STDC_HEADERS 1
| #define HAVE_SYS_TYPES_H 1
| #define HAVE_SYS_STAT_H 1
| #define HAVE_STDLIB_H 1
| #define HAVE_STRING_H 1
| #define HAVE_MEMORY_H 1
| #define HAVE_STRINGS_H 1
| #define HAVE_INTTYPES_H 1
| #define HAVE_STDINT_H 1
| #define HAVE_UNISTD_H 1
| #define HAVE_DLFCN_H 1
| #define LT_OBJDIR ".libs/"
| #define HAVE_SIGSETJMP 1
| /* end confdefs.h.  */
| #include <CoreFoundation/CFLocale.h>
| int
| main ()
| {
| CFLocaleCopyCurrent();
|   ;
|   return 0;
| }
configure:16794: result: no
configure:16843: checking for GNU gettext in libc
configure:16867: gcc -std=gnu99 -o conftest -g -O2 -Wall  -DG_DISABLE_SINGLE_INCLUDES  conftest.c  >&5
configure:16867: $? = 0
configure:16876: result: yes
configure:17704: checking whether to use NLS
configure:17706: result: yes
configure:17709: checking where the gettext function comes from
configure:17720: result: libc
configure:17786: checking for extra flags to get ANSI library prototypes
configure:17801: gcc -std=gnu99 -o conftest -g -O2 -Wall  -DG_DISABLE_SINGLE_INCLUDES  conftest.c  -lm >&5
configure:17801: $? = 0
configure:17801: ./conftest
configure:17801: $? = 0
configure:17802: result: none needed
configure:17837: checking for the BeOS
configure:17846: result: no
configure:17855: checking for HP-UX
configure:17864: result: no
configure:17869: checking for extra flags for POSIX compliance
configure:17882: gcc -std=gnu99 -c -g -O2 -Wall  -DG_DISABLE_SINGLE_INCLUDES conftest.c >&5
conftest.c: In function 'main':
conftest.c:31:6: warning: unused variable 'dir' [-Wunused-variable]
 DIR *dir;
      ^
configure:17882: $? = 0
configure:17883: result: none needed
configure:18003: checking for pkg-config
configure:18033: result: /usr/bin/pkg-config
configure:18058: checking pkg-config is at least version 0.16
configure:18061: result: yes
configure:18078: checking for GLIB - version >= 2.37.6
configure:18190: gcc -std=gnu99 -o conftest -g -O2 -Wall -pthread -I/usr/local/include/glib-2.0 -I/usr/local/lib/glib-2.0/include    -DG_DISABLE_SINGLE_INCLUDES  conftest.c -pthread -L/usr/local/lib -lgobject-2.0 -lgmodule-2.0 -lgthread-2.0 -lglib-2.0    >&5
configure:18190: $? = 0
configure:18190: ./conftest
configure:18190: $? = 0
configure:18204: result: yes (version 2.46.0)
configure:18279: checking for bind_textdomain_codeset
configure:18279: gcc -std=gnu99 -o conftest -g -O2 -Wall  -DG_DISABLE_SINGLE_INCLUDES  conftest.c  -pthread -L/usr/local/lib -lgobject-2.0 -lgmodule-2.0 -lgthread-2.0 -lglib-2.0   >&5
configure:18279: $? = 0
configure:18279: result: yes
configure:18293: checking for unistd.h
configure:18293: result: yes
configure:18293: checking sys/resource.h usability
configure:18293: gcc -std=gnu99 -c -g -O2 -Wall  -DG_DISABLE_SINGLE_INCLUDES conftest.c >&5
configure:18293: $? = 0
configure:18293: result: yes
configure:18293: checking sys/resource.h presence
configure:18293: gcc -std=gnu99 -E  -DG_DISABLE_SINGLE_INCLUDES conftest.c
configure:18293: $? = 0
configure:18293: result: yes
configure:18293: checking for sys/resource.h
configure:18293: result: yes
configure:18305: checking for setrlimit
configure:18305: gcc -std=gnu99 -o conftest -g -O2 -Wall  -DG_DISABLE_SINGLE_INCLUDES  conftest.c  >&5
configure:18305: $? = 0
configure:18305: result: yes
configure:18320: checking for ANSI C header files
configure:18424: result: yes
configure:18434: checking for an ANSI C-conforming const
configure:18500: gcc -std=gnu99 -c -g -O2 -Wall  -DG_DISABLE_SINGLE_INCLUDES conftest.c >&5
configure:18500: $? = 0
configure:18507: result: yes
configure:18533: checking whether to build gmodulized gdk-pixbuf
configure:18548: result: yes
configure:18550: checking whether dynamic modules work
configure:18574: result: yes
configure:18625: checking for TIFFReadRGBAImageOriented in -ltiff
configure:18650: gcc -std=gnu99 -o conftest -g -O2 -Wall  -DG_DISABLE_SINGLE_INCLUDES  conftest.c -ltiff -lm  >&5
configure:18650: $? = 0
configure:18659: result: yes
configure:18662: checking tiffio.h usability
configure:18662: gcc -std=gnu99 -c -g -O2 -Wall  -DG_DISABLE_SINGLE_INCLUDES conftest.c >&5
configure:18662: $? = 0
configure:18662: result: yes
configure:18662: checking tiffio.h presence
configure:18662: gcc -std=gnu99 -E  -DG_DISABLE_SINGLE_INCLUDES conftest.c
configure:18662: $? = 0
configure:18662: result: yes
configure:18662: checking for tiffio.h
configure:18662: result: yes
configure:18786: checking for jpeg_destroy_decompress in -ljpeg
configure:18811: gcc -std=gnu99 -o conftest -g -O2 -Wall  -DG_DISABLE_SINGLE_INCLUDES  conftest.c -ljpeg   >&5
configure:18811: $? = 0
configure:18820: result: yes
configure:18831: checking for jpeglib.h
configure:18841: gcc -std=gnu99 -E  -DG_DISABLE_SINGLE_INCLUDES conftest.c
configure:18841: $? = 0
configure:18847: result: yes
configure:18851: checking for jpeg_simple_progression in -ljpeg
configure:18876: gcc -std=gnu99 -o conftest -g -O2 -Wall  -DG_DISABLE_SINGLE_INCLUDES  conftest.c -ljpeg   >&5
configure:18876: $? = 0
configure:18885: result: yes
configure:18913: checking for libpng16
configure:18923: result: no
configure:18913: checking for libpng15
configure:18923: result: no
configure:18913: checking for libpng14
configure:18923: result: no
configure:18913: checking for libpng12
configure:18916: result: yes
configure:19089: checking pixbuf loaders to build
configure:19133: result: 
configure:19316: checking if gio can sniff png
configure:19361: gcc -std=gnu99 -o conftest -pthread -I/usr/local/include/glib-2.0 -I/usr/local/lib/glib-2.0/include    -DG_DISABLE_SINGLE_INCLUDES  conftest.c -L/usr/local/lib -lgio-2.0 -lgobject-2.0 -lglib-2.0   >&5
conftest.c: In function 'main':
conftest.c:59:5: warning: 'g_type_init' is deprecated (declared at /usr/local/include/glib-2.0/gobject/gtype.h:681) [-Wdeprecated-declarations]
     g_type_init ();
     ^
configure:19361: $? = 0
configure:19361: ./conftest
configure:19361: $? = 0
configure:19373: result: yes
configure:19444: checking sys/systeminfo.h usability
configure:19444: gcc -std=gnu99 -c -g -O2 -Wall  -DG_DISABLE_SINGLE_INCLUDES conftest.c >&5
conftest.c:68:28: fatal error: sys/systeminfo.h: No such file or directory
 #include <sys/systeminfo.h>
                            ^
compilation terminated.
configure:19444: $? = 1
configure: failed program was:
| /* confdefs.h */
| #define PACKAGE_NAME "gdk-pixbuf"
| #define PACKAGE_TARNAME "gdk-pixbuf"
| #define PACKAGE_VERSION "2.32.0"
| #define PACKAGE_STRING "gdk-pixbuf 2.32.0"
| #define PACKAGE_BUGREPORT "http://bugzilla.gnome.org/enter_bug.cgi?product=gdk-pixbuf"
| #define PACKAGE_URL ""
| #define OS_LINUX 1
| #define STDC_HEADERS 1
| #define HAVE_SYS_TYPES_H 1
| #define HAVE_SYS_STAT_H 1
| #define HAVE_STDLIB_H 1
| #define HAVE_STRING_H 1
| #define HAVE_MEMORY_H 1
| #define HAVE_STRINGS_H 1
| #define HAVE_INTTYPES_H 1
| #define HAVE_STDINT_H 1
| #define HAVE_UNISTD_H 1
| #define HAVE_DLFCN_H 1
| #define LT_OBJDIR ".libs/"
| #define HAVE_SIGSETJMP 1
| #define ENABLE_NLS 1
| #define HAVE_GETTEXT 1
| #define HAVE_DCGETTEXT 1
| #define GETTEXT_PACKAGE "gdk-pixbuf"
| #define HAVE_BIND_TEXTDOMAIN_CODESET 1
| #define HAVE_UNISTD_H 1
| #define HAVE_SYS_RESOURCE_H 1
| #define HAVE_SETRLIMIT 1
| #define STDC_HEADERS 1
| #define USE_GMODULE 1
| #define HAVE_PROGRESSIVE_JPEG 1
| #define GDK_PIXBUF_USE_GIO_MIME 1
| /* end confdefs.h.  */
| #include <stdio.h>
| #ifdef HAVE_SYS_TYPES_H
| # include <sys/types.h>
| #endif
| #ifdef HAVE_SYS_STAT_H
| # include <sys/stat.h>
| #endif
| #ifdef STDC_HEADERS
| # include <stdlib.h>
| # include <stddef.h>
| #else
| # ifdef HAVE_STDLIB_H
| #  include <stdlib.h>
| # endif
| #endif
| #ifdef HAVE_STRING_H
| # if !defined STDC_HEADERS && defined HAVE_MEMORY_H
| #  include <memory.h>
| # endif
| # include <string.h>
| #endif
| #ifdef HAVE_STRINGS_H
| # include <strings.h>
| #endif
| #ifdef HAVE_INTTYPES_H
| # include <inttypes.h>
| #endif
| #ifdef HAVE_STDINT_H
| # include <stdint.h>
| #endif
| #ifdef HAVE_UNISTD_H
| # include <unistd.h>
| #endif
| #include <sys/systeminfo.h>
configure:19444: result: no
configure:19444: checking sys/systeminfo.h presence
configure:19444: gcc -std=gnu99 -E  -DG_DISABLE_SINGLE_INCLUDES conftest.c
conftest.c:35:28: fatal error: sys/systeminfo.h: No such file or directory
 #include <sys/systeminfo.h>
                            ^
compilation terminated.
configure:19444: $? = 1
configure: failed program was:
| /* confdefs.h */
| #define PACKAGE_NAME "gdk-pixbuf"
| #define PACKAGE_TARNAME "gdk-pixbuf"
| #define PACKAGE_VERSION "2.32.0"
| #define PACKAGE_STRING "gdk-pixbuf 2.32.0"
| #define PACKAGE_BUGREPORT "http://bugzilla.gnome.org/enter_bug.cgi?product=gdk-pixbuf"
| #define PACKAGE_URL ""
| #define OS_LINUX 1
| #define STDC_HEADERS 1
| #define HAVE_SYS_TYPES_H 1
| #define HAVE_SYS_STAT_H 1
| #define HAVE_STDLIB_H 1
| #define HAVE_STRING_H 1
| #define HAVE_MEMORY_H 1
| #define HAVE_STRINGS_H 1
| #define HAVE_INTTYPES_H 1
| #define HAVE_STDINT_H 1
| #define HAVE_UNISTD_H 1
| #define HAVE_DLFCN_H 1
| #define LT_OBJDIR ".libs/"
| #define HAVE_SIGSETJMP 1
| #define ENABLE_NLS 1
| #define HAVE_GETTEXT 1
| #define HAVE_DCGETTEXT 1
| #define GETTEXT_PACKAGE "gdk-pixbuf"
| #define HAVE_BIND_TEXTDOMAIN_CODESET 1
| #define HAVE_UNISTD_H 1
| #define HAVE_SYS_RESOURCE_H 1
| #define HAVE_SETRLIMIT 1
| #define STDC_HEADERS 1
| #define USE_GMODULE 1
| #define HAVE_PROGRESSIVE_JPEG 1
| #define GDK_PIXBUF_USE_GIO_MIME 1
| /* end confdefs.h.  */
| #include <sys/systeminfo.h>
configure:19444: result: no
configure:19444: checking for sys/systeminfo.h
configure:19444: result: no
configure:19452: checking sys/sysinfo.h usability
configure:19452: gcc -std=gnu99 -c -g -O2 -Wall  -DG_DISABLE_SINGLE_INCLUDES conftest.c >&5
configure:19452: $? = 0
configure:19452: result: yes
configure:19452: checking sys/sysinfo.h presence
configure:19452: gcc -std=gnu99 -E  -DG_DISABLE_SINGLE_INCLUDES conftest.c
configure:19452: $? = 0
configure:19452: result: yes
configure:19452: checking for sys/sysinfo.h
configure:19452: result: yes
configure:19461: checking for mediaLib 2.3
configure:19466: checking for mlib_ImageSetStruct in -lmlib
configure:19491: gcc -std=gnu99 -o conftest -g -O2 -Wall  -DG_DISABLE_SINGLE_INCLUDES  conftest.c -lmlib   >&5
/usr/bin/ld: cannot find -lmlib
collect2: error: ld returned 1 exit status
configure:19491: $? = 1
configure: failed program was:
| /* confdefs.h */
| #define PACKAGE_NAME "gdk-pixbuf"
| #define PACKAGE_TARNAME "gdk-pixbuf"
| #define PACKAGE_VERSION "2.32.0"
| #define PACKAGE_STRING "gdk-pixbuf 2.32.0"
| #define PACKAGE_BUGREPORT "http://bugzilla.gnome.org/enter_bug.cgi?product=gdk-pixbuf"
| #define PACKAGE_URL ""
| #define OS_LINUX 1
| #define STDC_HEADERS 1
| #define HAVE_SYS_TYPES_H 1
| #define HAVE_SYS_STAT_H 1
| #define HAVE_STDLIB_H 1
| #define HAVE_STRING_H 1
| #define HAVE_MEMORY_H 1
| #define HAVE_STRINGS_H 1
| #define HAVE_INTTYPES_H 1
| #define HAVE_STDINT_H 1
| #define HAVE_UNISTD_H 1
| #define HAVE_DLFCN_H 1
| #define LT_OBJDIR ".libs/"
| #define HAVE_SIGSETJMP 1
| #define ENABLE_NLS 1
| #define HAVE_GETTEXT 1
| #define HAVE_DCGETTEXT 1
| #define GETTEXT_PACKAGE "gdk-pixbuf"
| #define HAVE_BIND_TEXTDOMAIN_CODESET 1
| #define HAVE_UNISTD_H 1
| #define HAVE_SYS_RESOURCE_H 1
| #define HAVE_SETRLIMIT 1
| #define STDC_HEADERS 1
| #define USE_GMODULE 1
| #define HAVE_PROGRESSIVE_JPEG 1
| #define GDK_PIXBUF_USE_GIO_MIME 1
| #define HAVE_SYS_SYSINFO_H 1
| /* end confdefs.h.  */
| 
| /* Override any GCC internal prototype to avoid an error.
|    Use char because int might match the return type of a GCC
|    builtin and then its argument prototype would still apply.  */
| #ifdef __cplusplus
| extern "C"
| #endif
| char mlib_ImageSetStruct ();
| int
| main ()
| {
| return mlib_ImageSetStruct ();
|   ;
|   return 0;
| }
configure:19500: result: no
configure:19589: checking for x86 platform
configure:19598: result: no
configure:19823: checking for gobject-introspection
configure:19854: $PKG_CONFIG --exists --print-errors "gobject-introspection-1.0 >= 0.9.3"
configure:19857: $? = 0
configure:19868: result: yes
configure:19914: checking for gtk-doc
configure:19917: $PKG_CONFIG --exists --print-errors "$gtk_doc_requires"
Package gtk-doc was not found in the pkg-config search path.
Perhaps you should add the directory containing `gtk-doc.pc'
to the PKG_CONFIG_PATH environment variable
No package 'gtk-doc' found
configure:19920: $? = 1
configure:19926: result: no
configure:19932: WARNING:
  You will not be able to create source packages with 'make dist'
  because gtk-doc >= 1.20 is not found.
configure:19940: checking for gtkdoc-check
configure:19970: result: no
configure:19977: checking for gtkdoc-check
configure:20010: result: no
configure:20019: checking for gtkdoc-rebase
configure:20052: result: no
configure:20063: checking for gtkdoc-mkpdf
configure:20096: result: no
configure:20121: checking whether to build gtk-doc documentation
configure:20123: result: no
configure:20136: checking for GTKDOC_DEPS
configure:20143: $PKG_CONFIG --exists --print-errors "glib-2.0 >= 2.10.0 gobject-2.0  >= 2.10.0"
configure:20146: $? = 0
configure:20160: $PKG_CONFIG --exists --print-errors "glib-2.0 >= 2.10.0 gobject-2.0  >= 2.10.0"
configure:20163: $? = 0
configure:20201: result: yes
configure:20283: checking for db2html
configure:20311: result: false
configure:20402: checking for -Bsymbolic-functions linker flag
configure:20416: gcc -std=gnu99 -o conftest -g -O2 -Wall  -DG_DISABLE_SINGLE_INCLUDES -Wl,-Bsymbolic-functions conftest.c  >&5
conftest.c: In function 'main':
conftest.c:40:5: warning: 'main' is normally a non-static function [-Wmain]
 int main (void) { return 0; }
     ^
configure:20416: $? = 0
configure:20417: result: yes
configure:20480: checking whether to build with gcov testing
configure:20490: result: no
configure:20788: checking that generated files are newer than configure
configure:20794: result: done
configure:20840: checking that generated files are newer than configure
configure:20846: result: done
configure:21025: creating ./config.status

## ---------------------- ##
## Running config.status. ##
## ---------------------- ##

This file was extended by gdk-pixbuf config.status 2.32.0, which was
generated by GNU Autoconf 2.69.  Invocation command line was

  CONFIG_FILES    = 
  CONFIG_HEADERS  = 
  CONFIG_LINKS    = 
  CONFIG_COMMANDS = 
  $ ./config.status 

on KDZL

config.status:1315: creating Makefile
config.status:1315: creating gdk-pixbuf-2.0.pc
config.status:1315: creating gdk-pixbuf-2.0-uninstalled.pc
config.status:1315: creating gdk-pixbuf/Makefile
config.status:1315: creating gdk-pixbuf/gdk_pixbuf.rc
config.status:1315: creating gdk-pixbuf/gdk-pixbuf-features.h
config.status:1315: creating gdk-pixbuf/pixops/Makefile
config.status:1315: creating build/Makefile
config.status:1315: creating build/win32/Makefile
config.status:1315: creating build/win32/vs9/Makefile
config.status:1315: creating build/win32/vs10/Makefile
config.status:1315: creating build/win32/vs11/Makefile
config.status:1315: creating build/win32/vs12/Makefile
config.status:1315: creating build/win32/vs14/Makefile
config.status:1315: creating docs/Makefile
config.status:1315: creating docs/reference/Makefile
config.status:1315: creating docs/reference/gdk-pixbuf/Makefile
config.status:1315: creating docs/reference/gdk-pixbuf/version.xml
config.status:1315: creating po/Makefile.in
config.status:1315: creating tests/Makefile
config.status:1315: creating contrib/Makefile
config.status:1315: creating contrib/gdk-pixbuf-xlib/Makefile
config.status:1315: creating contrib/gdk-pixbuf-xlib/gdk-pixbuf-xlib-2.0.pc
config.status:1315: creating config.h.win32
config.status:1315: creating config.h
config.status:1544: executing depfiles commands
config.status:1544: executing libtool commands
config.status:1544: executing po-directories commands

## ---------------- ##
## Cache variables. ##
## ---------------- ##

ac_cv_build=x86_64-unknown-linux-gnu
ac_cv_c_compiler_gnu=yes
ac_cv_c_const=yes
ac_cv_env_BASE_DEPENDENCIES_CFLAGS_set=
ac_cv_env_BASE_DEPENDENCIES_CFLAGS_value=
ac_cv_env_BASE_DEPENDENCIES_LIBS_set=
ac_cv_env_BASE_DEPENDENCIES_LIBS_value=
ac_cv_env_CCASFLAGS_set=
ac_cv_env_CCASFLAGS_value=
ac_cv_env_CCAS_set=
ac_cv_env_CCAS_value=
ac_cv_env_CC_set=
ac_cv_env_CC_value=
ac_cv_env_CFLAGS_set=
ac_cv_env_CFLAGS_value=
ac_cv_env_CPPFLAGS_set=
ac_cv_env_CPPFLAGS_value=
ac_cv_env_CPP_set=
ac_cv_env_CPP_value=
ac_cv_env_GDK_PIXBUF_XLIB_DEP_CFLAGS_set=
ac_cv_env_GDK_PIXBUF_XLIB_DEP_CFLAGS_value=
ac_cv_env_GDK_PIXBUF_XLIB_DEP_LIBS_set=
ac_cv_env_GDK_PIXBUF_XLIB_DEP_LIBS_value=
ac_cv_env_GTKDOC_DEPS_CFLAGS_set=
ac_cv_env_GTKDOC_DEPS_CFLAGS_value=
ac_cv_env_GTKDOC_DEPS_LIBS_set=
ac_cv_env_GTKDOC_DEPS_LIBS_value=
ac_cv_env_LDFLAGS_set=
ac_cv_env_LDFLAGS_value=
ac_cv_env_LIBS_set=
ac_cv_env_LIBS_value=
ac_cv_env_LT_SYS_LIBRARY_PATH_set=
ac_cv_env_LT_SYS_LIBRARY_PATH_value=
ac_cv_env_PKG_CONFIG_LIBDIR_set=
ac_cv_env_PKG_CONFIG_LIBDIR_value=
ac_cv_env_PKG_CONFIG_PATH_set=
ac_cv_env_PKG_CONFIG_PATH_value=
ac_cv_env_PKG_CONFIG_set=
ac_cv_env_PKG_CONFIG_value=
ac_cv_env_build_alias_set=
ac_cv_env_build_alias_value=
ac_cv_env_host_alias_set=
ac_cv_env_host_alias_value=
ac_cv_env_target_alias_set=
ac_cv_env_target_alias_value=
ac_cv_func_bind_textdomain_codeset=yes
ac_cv_func_setrlimit=yes
ac_cv_header_dlfcn_h=yes
ac_cv_header_inttypes_h=yes
ac_cv_header_memory_h=yes
ac_cv_header_stdc=yes
ac_cv_header_stdint_h=yes
ac_cv_header_stdlib_h=yes
ac_cv_header_string_h=yes
ac_cv_header_strings_h=yes
ac_cv_header_sys_resource_h=yes
ac_cv_header_sys_stat_h=yes
ac_cv_header_sys_sysinfo_h=yes
ac_cv_header_sys_systeminfo_h=no
ac_cv_header_sys_types_h=yes
ac_cv_header_tiffio_h=yes
ac_cv_header_unistd_h=yes
ac_cv_host=x86_64-unknown-linux-gnu
ac_cv_lib_jpeg_jpeg_destroy_decompress=yes
ac_cv_lib_jpeg_jpeg_simple_progression=yes
ac_cv_lib_mlib_mlib_ImageSetStruct=no
ac_cv_lib_tiff_TIFFReadRGBAImageOriented=yes
ac_cv_objext=o
ac_cv_path_EGREP='/bin/grep -E'
ac_cv_path_FGREP='/bin/grep -F'
ac_cv_path_GMSGFMT=/usr/bin/msgfmt
ac_cv_path_GREP=/bin/grep
ac_cv_path_MSGFMT=/usr/bin/msgfmt
ac_cv_path_MSGMERGE=/usr/bin/msgmerge
ac_cv_path_PERL=/usr/bin/perl
ac_cv_path_SED=/bin/sed
ac_cv_path_XGETTEXT=/usr/bin/xgettext
ac_cv_path_ac_pt_PKG_CONFIG=/usr/bin/pkg-config
ac_cv_path_install='/usr/bin/install -c'
ac_cv_path_lt_DD=/bin/dd
ac_cv_path_mkdir=/bin/mkdir
ac_cv_prog_AWK=gawk
ac_cv_prog_CPP='gcc -std=gnu99 -E'
ac_cv_prog_DB2HTML=false
ac_cv_prog_ac_ct_AR=ar
ac_cv_prog_ac_ct_CC=gcc
ac_cv_prog_ac_ct_MANIFEST_TOOL=mt
ac_cv_prog_ac_ct_OBJDUMP=objdump
ac_cv_prog_ac_ct_RANLIB=ranlib
ac_cv_prog_ac_ct_STRIP=strip
ac_cv_prog_cc_c89=
ac_cv_prog_cc_c99=-std=gnu99
ac_cv_prog_cc_g=yes
ac_cv_prog_cc_gcc_c_o=yes
ac_cv_prog_cc_stdc=-std=gnu99
ac_cv_prog_make_make_set=yes
ac_cv_sys_file_offset_bits=no
ac_cv_sys_largefile_CC=no
acl_cv_hardcode_direct=no
acl_cv_hardcode_libdir_flag_spec='${wl}-rpath ${wl}$libdir'
acl_cv_hardcode_libdir_separator=
acl_cv_hardcode_minus_L=no
acl_cv_libext=a
acl_cv_libname_spec='lib$name'
acl_cv_library_names_spec='$libname$shrext'
acl_cv_path_LD='/usr/bin/ld -m elf_x86_64'
acl_cv_prog_gnu_ld=yes
acl_cv_rpath=done
acl_cv_shlibext=so
acl_cv_wl=-Wl,
am_cv_CCAS_dependencies_compiler_type=gcc3
am_cv_CC_dependencies_compiler_type=gcc3
am_cv_make_support_nested_variables=yes
am_cv_prog_cc_c_o=yes
am_cv_prog_tar_ustar=gnutar
gt_cv_func_CFLocaleCopyCurrent=no
gt_cv_func_CFPreferencesCopyAppValue=no
gt_cv_func_gnugettext1_libc=yes
lt_cv_ar_at_file=@
lt_cv_archive_cmds_need_lc=no
lt_cv_deplibs_check_method=pass_all
lt_cv_file_magic_cmd='$MAGIC_CMD'
lt_cv_file_magic_test_file=
lt_cv_ld_reload_flag=-r
lt_cv_nm_interface='BSD nm'
lt_cv_objdir=.libs
lt_cv_path_LD=/usr/bin/ld
lt_cv_path_NM='/usr/bin/nm -B'
lt_cv_path_mainfest_tool=no
lt_cv_prog_compiler_c_o=yes
lt_cv_prog_compiler_pic='-fPIC -DPIC'
lt_cv_prog_compiler_pic_works=yes
lt_cv_prog_compiler_rtti_exceptions=no
lt_cv_prog_compiler_static_works=yes
lt_cv_prog_gnu_ld=yes
lt_cv_sharedlib_from_linklib_cmd='printf %s\n'
lt_cv_shlibpath_overrides_runpath=no
lt_cv_sys_global_symbol_pipe='sed -n -e '\''s/^.*[	 ]\([ABCDGIRSTW][ABCDGIRSTW]*\)[	 ][	 ]*\([_A-Za-z][_A-Za-z0-9]*\)$/\1 \2 \2/p'\'' | sed '\''/ __gnu_lto/d'\'''
lt_cv_sys_global_symbol_to_c_name_address='sed -n -e '\''s/^: \(.*\) .*$/  {"\1", (void *) 0},/p'\'' -e '\''s/^[ABCDGIRSTW][ABCDGIRSTW]* .* \(.*\)$/  {"\1", (void *) \&\1},/p'\'''
lt_cv_sys_global_symbol_to_c_name_address_lib_prefix='sed -n -e '\''s/^: \(.*\) .*$/  {"\1", (void *) 0},/p'\'' -e '\''s/^[ABCDGIRSTW][ABCDGIRSTW]* .* \(lib.*\)$/  {"\1", (void *) \&\1},/p'\'' -e '\''s/^[ABCDGIRSTW][ABCDGIRSTW]* .* \(.*\)$/  {"lib\1", (void *) \&\1},/p'\'''
lt_cv_sys_global_symbol_to_cdecl='sed -n -e '\''s/^T .* \(.*\)$/extern int \1();/p'\'' -e '\''s/^[ABCDGIRSTW][ABCDGIRSTW]* .* \(.*\)$/extern char \1;/p'\'''
lt_cv_sys_global_symbol_to_import=
lt_cv_sys_max_cmd_len=1572864
lt_cv_to_host_file_cmd=func_convert_file_noop
lt_cv_to_tool_file_cmd=func_convert_file_noop
lt_cv_truncate_bin='/bin/dd bs=4096 count=1'
pkg_cv_BASE_DEPENDENCIES_CFLAGS='-I/usr/local/include/glib-2.0 -I/usr/local/lib/glib-2.0/include  '
pkg_cv_BASE_DEPENDENCIES_LIBS='-L/usr/local/lib -lglib-2.0  '
pkg_cv_GTKDOC_DEPS_CFLAGS='-I/usr/local/include/glib-2.0 -I/usr/local/lib/glib-2.0/include  '
pkg_cv_GTKDOC_DEPS_LIBS='-L/usr/local/lib -lgobject-2.0 -lglib-2.0  '

## ----------------- ##
## Output variables. ##
## ----------------- ##

ACLOCAL='${SHELL} /home/kazek/Documents/ProgFun/gui/gdk-pixbuf-2.32.0/missing aclocal-1.15'
AMDEPBACKSLASH='\'
AMDEP_FALSE='#'
AMDEP_TRUE=''
AMTAR='$${TAR-tar}'
AM_BACKSLASH='\'
AM_DEFAULT_V='$(AM_DEFAULT_VERBOSITY)'
AM_DEFAULT_VERBOSITY='0'
AM_V='$(V)'
AR='ar'
AS='as'
AUTOCONF='${SHELL} /home/kazek/Documents/ProgFun/gui/gdk-pixbuf-2.32.0/missing autoconf'
AUTOHEADER='${SHELL} /home/kazek/Documents/ProgFun/gui/gdk-pixbuf-2.32.0/missing autoheader'
AUTOMAKE='${SHELL} /home/kazek/Documents/ProgFun/gui/gdk-pixbuf-2.32.0/missing automake-1.15'
AWK='gawk'
BASE_DEPENDENCIES_CFLAGS='-I/usr/local/include/glib-2.0 -I/usr/local/lib/glib-2.0/include  '
BASE_DEPENDENCIES_LIBS='-L/usr/local/lib -lglib-2.0  '
BUILD_DYNAMIC_MODULES_FALSE='#'
BUILD_DYNAMIC_MODULES_TRUE=''
BUILD_GDIPLUS_LOADERS_FALSE=''
BUILD_GDIPLUS_LOADERS_TRUE='#'
CC='gcc -std=gnu99'
CCAS='gcc -std=gnu99'
CCASDEPMODE='depmode=gcc3'
CCASFLAGS='-g -O2'
CCDEPMODE='depmode=gcc3'
CFLAGS='-g -O2 -Wall'
CPP='gcc -std=gnu99 -E'
CPPFLAGS=' -DG_DISABLE_SINGLE_INCLUDES'
CROSS_COMPILING_FALSE=''
CROSS_COMPILING_TRUE='#'
CYGPATH_W='echo'
DB2HTML='false'
DEFS='-DHAVE_CONFIG_H'
DEPDIR='.deps'
DISABLE_EXPLICIT_DEPS_FALSE='#'
DISABLE_EXPLICIT_DEPS_TRUE=''
DLLTOOL='false'
DSYMUTIL=''
DUMPBIN=''
ECHO_C=''
ECHO_N='-n'
ECHO_T=''
EGREP='/bin/grep -E'
ENABLE_ALWAYS_BUILD_TESTS_FALSE=''
ENABLE_ALWAYS_BUILD_TESTS_TRUE='#'
ENABLE_GTK_DOC_FALSE=''
ENABLE_GTK_DOC_TRUE='#'
ENABLE_INSTALLED_TESTS_FALSE=''
ENABLE_INSTALLED_TESTS_TRUE='#'
ENABLE_MAN_FALSE=''
ENABLE_MAN_TRUE='#'
EXEEXT=''
EXE_MANIFEST_ARCHITECTURE='X86'
FGREP='/bin/grep -F'
GCOV=''
GDK_PIXBUF_API_VERSION='2.0'
GDK_PIXBUF_BINARY_VERSION='2.10.0'
GDK_PIXBUF_DEP_CFLAGS='-pthread -I/usr/local/include/glib-2.0 -I/usr/local/lib/glib-2.0/include -I/usr/include/libpng12   '
GDK_PIXBUF_DEP_LIBS='-pthread -L/usr/local/lib -lgmodule-2.0 -lgio-2.0 -lgobject-2.0 -lglib-2.0 -lpng12 -lm'
GDK_PIXBUF_EXTRA_CFLAGS=''
GDK_PIXBUF_EXTRA_LIBS=' -lm '
GDK_PIXBUF_LINK_FLAGS='-Wl,-Bsymbolic-functions'
GDK_PIXBUF_MAJOR='2'
GDK_PIXBUF_MICRO='0'
GDK_PIXBUF_MINOR='32'
GDK_PIXBUF_PACKAGES='gmodule-no-export-2.0 gobject-2.0 gio-2.0'
GDK_PIXBUF_VERSION='2.32.0'
GDK_PIXBUF_XLIB_DEP_CFLAGS=''
GDK_PIXBUF_XLIB_DEP_LIBS=''
GENHTML=''
GETTEXT_MACRO_VERSION='0.19'
GETTEXT_PACKAGE='gdk-pixbuf'
GLIB_CFLAGS='-pthread -I/usr/local/include/glib-2.0 -I/usr/local/lib/glib-2.0/include  '
GLIB_COMPILE_RESOURCES='glib-compile-resources'
GLIB_GENMARSHAL='glib-genmarshal'
GLIB_LIBS='-pthread -L/usr/local/lib -lgobject-2.0 -lgmodule-2.0 -lgthread-2.0 -lglib-2.0  '
GLIB_MKENUMS='glib-mkenums'
GMSGFMT='/usr/bin/msgfmt'
GMSGFMT_015='/usr/bin/msgfmt'
GOBJECT_QUERY='gobject-query'
GREP='/bin/grep'
GTKDOC_CHECK=''
GTKDOC_CHECK_PATH=''
GTKDOC_DEPS_CFLAGS='-I/usr/local/include/glib-2.0 -I/usr/local/lib/glib-2.0/include  '
GTKDOC_DEPS_LIBS='-L/usr/local/lib -lgobject-2.0 -lglib-2.0  '
GTKDOC_MKPDF=''
GTKDOC_REBASE='true'
GTK_DOC_BUILD_HTML_FALSE='#'
GTK_DOC_BUILD_HTML_TRUE=''
GTK_DOC_BUILD_PDF_FALSE=''
GTK_DOC_BUILD_PDF_TRUE='#'
GTK_DOC_USE_LIBTOOL_FALSE='#'
GTK_DOC_USE_LIBTOOL_TRUE=''
GTK_DOC_USE_REBASE_FALSE='#'
GTK_DOC_USE_REBASE_TRUE=''
HAVE_DOCBOOK_FALSE=''
HAVE_DOCBOOK_TRUE='#'
HAVE_GTK_DOC_FALSE=''
HAVE_GTK_DOC_TRUE='#'
HAVE_INTROSPECTION_FALSE='#'
HAVE_INTROSPECTION_TRUE=''
HAVE_JASPER_FALSE=''
HAVE_JASPER_TRUE='#'
HAVE_JPEG_FALSE='#'
HAVE_JPEG_TRUE=''
HAVE_PNG_FALSE='#'
HAVE_PNG_TRUE=''
HAVE_TIFF_FALSE='#'
HAVE_TIFF_TRUE=''
HTML_DIR='${datadir}/gtk-doc/html'
INCLUDED_LOADER_DEFINE=''
INCLUDED_LOADER_OBJ=''
INCLUDE_ANI_FALSE=''
INCLUDE_ANI_TRUE='#'
INCLUDE_BMP_FALSE=''
INCLUDE_BMP_TRUE='#'
INCLUDE_GDIPLUS_FALSE=''
INCLUDE_GDIPLUS_TRUE='#'
INCLUDE_GIF_FALSE=''
INCLUDE_GIF_TRUE='#'
INCLUDE_ICNS_FALSE=''
INCLUDE_ICNS_TRUE='#'
INCLUDE_ICO_FALSE=''
INCLUDE_ICO_TRUE='#'
INCLUDE_JASPER_FALSE=''
INCLUDE_JASPER_TRUE='#'
INCLUDE_JPEG_FALSE=''
INCLUDE_JPEG_TRUE='#'
INCLUDE_PCX_FALSE=''
INCLUDE_PCX_TRUE='#'
INCLUDE_PNG_FALSE=''
INCLUDE_PNG_TRUE='#'
INCLUDE_PNM_FALSE=''
INCLUDE_PNM_TRUE='#'
INCLUDE_QTIF_FALSE=''
INCLUDE_QTIF_TRUE='#'
INCLUDE_RAS_FALSE=''
INCLUDE_RAS_TRUE='#'
INCLUDE_TGA_FALSE=''
INCLUDE_TGA_TRUE='#'
INCLUDE_TIFF_FALSE=''
INCLUDE_TIFF_TRUE='#'
INCLUDE_WBMP_FALSE=''
INCLUDE_WBMP_TRUE='#'
INCLUDE_XBM_FALSE=''
INCLUDE_XBM_TRUE='#'
INCLUDE_XPM_FALSE=''
INCLUDE_XPM_TRUE='#'
INSTALL_DATA='${INSTALL} -m 644'
INSTALL_PROGRAM='${INSTALL}'
INSTALL_SCRIPT='${INSTALL}'
INSTALL_STRIP_PROGRAM='$(install_sh) -c -s'
INTLLIBS=''
INTL_MACOSX_LIBS=''
INTROSPECTION_CFLAGS='-pthread -I/usr/local/include/gobject-introspection-1.0 -I/usr/local/include/glib-2.0 -I/usr/local/lib/glib-2.0/include  '
INTROSPECTION_COMPILER='/usr/local/bin/g-ir-compiler'
INTROSPECTION_GENERATE='/usr/local/bin/g-ir-generate'
INTROSPECTION_GIRDIR='/usr/local/share/gir-1.0'
INTROSPECTION_LIBS='-L/usr/local/lib -lgirepository-1.0 -lgobject-2.0 -lglib-2.0  '
INTROSPECTION_MAKEFILE='/usr/local/share/gobject-introspection-1.0/Makefile.introspection'
INTROSPECTION_SCANNER='/usr/local/bin/g-ir-scanner'
INTROSPECTION_TYPELIBDIR='/usr/local/lib/girepository-1.0'
LCOV=''
LD='/usr/bin/ld -m elf_x86_64'
LDFLAGS=''
LIBICONV='-liconv'
LIBINTL=''
LIBJASPER=''
LIBJPEG='-ljpeg'
LIBOBJS=''
LIBPNG='-lpng12  '
LIBS=''
LIBTIFF='-ltiff'
LIBTOOL='$(SHELL) $(top_builddir)/libtool'
LIBTOOL_EXPORT_OPTIONS='-export-symbols-regex "^[^_].*"'
LIB_EXE_MACHINE_FLAG='X86'
LIPO=''
LN_S='ln -s'
LTLIBICONV='-liconv'
LTLIBINTL=''
LTLIBOBJS=''
LT_CURRENT_MINUS_AGE='0'
LT_SYS_LIBRARY_PATH=''
LT_VERSION_INFO='3200:0:3200'
MAINT=''
MAINTAINER_MODE_FALSE='#'
MAINTAINER_MODE_TRUE=''
MAKEINFO='${SHELL} /home/kazek/Documents/ProgFun/gui/gdk-pixbuf-2.32.0/missing makeinfo'
MANIFEST_TOOL=':'
MATH_LIB='-lm'
MKDIR_P='/bin/mkdir -p'
MSGFMT='/usr/bin/msgfmt'
MSGFMT_015='/usr/bin/msgfmt'
MSGMERGE='/usr/bin/msgmerge'
MS_LIB_AVAILABLE_FALSE=''
MS_LIB_AVAILABLE_TRUE='#'
NM='/usr/bin/nm -B'
NMEDIT=''
OBJDUMP='objdump'
OBJEXT='o'
OS_LINUX_FALSE='#'
OS_LINUX_TRUE=''
OS_UNIX_FALSE='#'
OS_UNIX_TRUE=''
OS_WIN32_FALSE=''
OS_WIN32_TRUE='#'
OTOOL64=''
OTOOL=''
PACKAGE='gdk-pixbuf'
PACKAGE_BUGREPORT='http://bugzilla.gnome.org/enter_bug.cgi?product=gdk-pixbuf'
PACKAGE_NAME='gdk-pixbuf'
PACKAGE_STRING='gdk-pixbuf 2.32.0'
PACKAGE_TARNAME='gdk-pixbuf'
PACKAGE_URL=''
PACKAGE_VERSION='2.32.0'
PATH_SEPARATOR=':'
PERL='/usr/bin/perl'
PKG_CONFIG='/usr/bin/pkg-config'
PKG_CONFIG_LIBDIR=''
PKG_CONFIG_PATH=''
PLATFORM_WIN32_FALSE=''
PLATFORM_WIN32_TRUE='#'
PNG_DEP_CFLAGS_PACKAGES='libpng12'
POSUB='po'
RANLIB='ranlib'
REBUILD=''
SED='/bin/sed'
SET_MAKE=''
SHELL='/bin/bash'
STRIP='strip'
USE_MEDIALIB25_FALSE=''
USE_MEDIALIB25_TRUE='#'
USE_MEDIALIB_FALSE=''
USE_MEDIALIB_TRUE='#'
USE_MMX_FALSE=''
USE_MMX_TRUE='#'
USE_NLS='yes'
USE_X11_FALSE=''
USE_X11_TRUE='#'
VERSION='2.32.0'
WINDRES=''
WITH_COVERAGE_FALSE=''
WITH_COVERAGE_TRUE='#'
XGETTEXT='/usr/bin/xgettext'
XGETTEXT_015='/usr/bin/xgettext'
XGETTEXT_EXTRA_OPTIONS=''
XSLTPROC=''
ac_ct_AR='ar'
ac_ct_CC='gcc'
ac_ct_DUMPBIN=''
ac_ct_NM=''
am__EXEEXT_FALSE=''
am__EXEEXT_TRUE='#'
am__fastdepCCAS_FALSE='#'
am__fastdepCCAS_TRUE=''
am__fastdepCC_FALSE='#'
am__fastdepCC_TRUE=''
am__include='include'
am__isrc=''
am__leading_dot='.'
am__nodep='_no'
am__quote=''
am__tar='tar --format=ustar -chf - "$$tardir"'
am__untar='tar -xf -'
bindir='${exec_prefix}/bin'
build='x86_64-unknown-linux-gnu'
build_alias=''
build_cpu='x86_64'
build_os='linux-gnu'
build_vendor='unknown'
datadir='${datarootdir}'
datarootdir='${prefix}/share'
docdir='${datarootdir}/doc/${PACKAGE_TARNAME}'
dvidir='${docdir}'
exec_prefix='${prefix}'
host='x86_64-unknown-linux-gnu'
host_alias=''
host_cpu='x86_64'
host_os='linux-gnu'
host_vendor='unknown'
htmldir='${docdir}'
includedir='${prefix}/include'
infodir='${datarootdir}/info'
install_sh='${SHELL} /home/kazek/Documents/ProgFun/gui/gdk-pixbuf-2.32.0/install-sh'
installed_test_metadir=''
installed_testdir=''
libdir='${exec_prefix}/lib'
libexecdir='${exec_prefix}/libexec'
localedir='${datarootdir}/locale'
localstatedir='${prefix}/var'
mandir='${datarootdir}/man'
mkdir_p='$(MKDIR_P)'
ms_librarian=''
oldincludedir='/usr/include'
pdfdir='${docdir}'
prefix='/usr/local'
program_transform_name='s,x,x,'
psdir='${docdir}'
sbindir='${exec_prefix}/sbin'
sharedstatedir='${prefix}/com'
sysconfdir='${prefix}/etc'
target_alias=''

## ----------- ##
## confdefs.h. ##
## ----------- ##

/* confdefs.h */
#define PACKAGE_NAME "gdk-pixbuf"
#define PACKAGE_TARNAME "gdk-pixbuf"
#define PACKAGE_VERSION "2.32.0"
#define PACKAGE_STRING "gdk-pixbuf 2.32.0"
#define PACKAGE_BUGREPORT "http://bugzilla.gnome.org/enter_bug.cgi?product=gdk-pixbuf"
#define PACKAGE_URL ""
#define OS_LINUX 1
#define STDC_HEADERS 1
#define HAVE_SYS_TYPES_H 1
#define HAVE_SYS_STAT_H 1
#define HAVE_STDLIB_H 1
#define HAVE_STRING_H 1
#define HAVE_MEMORY_H 1
#define HAVE_STRINGS_H 1
#define HAVE_INTTYPES_H 1
#define HAVE_STDINT_H 1
#define HAVE_UNISTD_H 1
#define HAVE_DLFCN_H 1
#define LT_OBJDIR ".libs/"
#define HAVE_SIGSETJMP 1
#define ENABLE_NLS 1
#define HAVE_GETTEXT 1
#define HAVE_DCGETTEXT 1
#define GETTEXT_PACKAGE "gdk-pixbuf"
#define HAVE_BIND_TEXTDOMAIN_CODESET 1
#define HAVE_UNISTD_H 1
#define HAVE_SYS_RESOURCE_H 1
#define HAVE_SETRLIMIT 1
#define STDC_HEADERS 1
#define USE_GMODULE 1
#define HAVE_PROGRESSIVE_JPEG 1
#define GDK_PIXBUF_USE_GIO_MIME 1
#define HAVE_SYS_SYSINFO_H 1

configure: exit 0
